{"C:\\Users\\Dachely\\Desktop\\Escuela\\Proyecto\\do-your-list\\index.js": {"path":"C:\\Users\\Dachely\\Desktop\\Escuela\\Proyecto\\do-your-list\\index.js","statementMap":{"0":{"start":{"line":1,"column":0},"end":{"line":1,"column":27}},"1":{"start":{"line":2,"column":0},"end":{"line":2,"column":31}},"2":{"start":{"line":3,"column":17},"end":{"line":3,"column":36}},"3":{"start":{"line":4,"column":16},"end":{"line":4,"column":34}},"4":{"start":{"line":5,"column":13},"end":{"line":5,"column":28}},"5":{"start":{"line":6,"column":16},"end":{"line":6,"column":42}},"6":{"start":{"line":7,"column":12},"end":{"line":7,"column":21}},"7":{"start":{"line":8,"column":19},"end":{"line":8,"column":43}},"8":{"start":{"line":9,"column":22},"end":{"line":9,"column":52}},"9":{"start":{"line":10,"column":30},"end":{"line":10,"column":61}},"10":{"start":{"line":11,"column":17},"end":{"line":11,"column":36}},"11":{"start":{"line":12,"column":14},"end":{"line":12,"column":43}},"12":{"start":{"line":13,"column":0},"end":{"line":13,"column":28}},"13":{"start":{"line":15,"column":0},"end":{"line":19,"column":4}},"14":{"start":{"line":20,"column":0},"end":{"line":20,"column":31}},"15":{"start":{"line":21,"column":0},"end":{"line":21,"column":28}},"16":{"start":{"line":22,"column":0},"end":{"line":22,"column":56}},"17":{"start":{"line":23,"column":0},"end":{"line":23,"column":49}},"18":{"start":{"line":24,"column":0},"end":{"line":24,"column":30}},"19":{"start":{"line":26,"column":0},"end":{"line":26,"column":24}},"20":{"start":{"line":27,"column":0},"end":{"line":27,"column":48}},"21":{"start":{"line":28,"column":0},"end":{"line":28,"column":31}},"22":{"start":{"line":29,"column":0},"end":{"line":29,"column":25}},"23":{"start":{"line":30,"column":0},"end":{"line":30,"column":15}},"24":{"start":{"line":32,"column":0},"end":{"line":34,"column":1}},"25":{"start":{"line":33,"column":4},"end":{"line":33,"column":64}},"26":{"start":{"line":36,"column":0},"end":{"line":38,"column":1}},"27":{"start":{"line":37,"column":4},"end":{"line":37,"column":67}},"28":{"start":{"line":40,"column":15},"end":{"line":40,"column":93}},"29":{"start":{"line":42,"column":0},"end":{"line":45,"column":5}},"30":{"start":{"line":43,"column":16},"end":{"line":43,"column":53}},"31":{"start":{"line":47,"column":13},"end":{"line":47,"column":37}},"32":{"start":{"line":48,"column":15},"end":{"line":48,"column":87}},"33":{"start":{"line":48,"column":38},"end":{"line":48,"column":86}},"34":{"start":{"line":50,"column":0},"end":{"line":50,"column":24}}},"fnMap":{"0":{"name":"(anonymous_0)","decl":{"start":{"line":43,"column":10},"end":{"line":43,"column":11}},"loc":{"start":{"line":43,"column":16},"end":{"line":43,"column":53}},"line":43},"1":{"name":"(anonymous_1)","decl":{"start":{"line":48,"column":32},"end":{"line":48,"column":33}},"loc":{"start":{"line":48,"column":38},"end":{"line":48,"column":86}},"line":48}},"branchMap":{"0":{"loc":{"start":{"line":32,"column":0},"end":{"line":34,"column":1}},"type":"if","locations":[{"start":{"line":32,"column":0},"end":{"line":34,"column":1}},{"start":{"line":32,"column":0},"end":{"line":34,"column":1}}],"line":32},"1":{"loc":{"start":{"line":36,"column":0},"end":{"line":38,"column":1}},"type":"if","locations":[{"start":{"line":36,"column":0},"end":{"line":38,"column":1}},{"start":{"line":36,"column":0},"end":{"line":38,"column":1}}],"line":36},"2":{"loc":{"start":{"line":40,"column":15},"end":{"line":40,"column":93}},"type":"cond-expr","locations":[{"start":{"line":40,"column":49},"end":{"line":40,"column":67}},{"start":{"line":40,"column":70},"end":{"line":40,"column":93}}],"line":40},"3":{"loc":{"start":{"line":47,"column":13},"end":{"line":47,"column":37}},"type":"binary-expr","locations":[{"start":{"line":47,"column":13},"end":{"line":47,"column":29}},{"start":{"line":47,"column":33},"end":{"line":47,"column":37}}],"line":47}},"s":{"0":2,"1":2,"2":2,"3":2,"4":2,"5":2,"6":2,"7":2,"8":2,"9":2,"10":2,"11":2,"12":2,"13":2,"14":2,"15":2,"16":2,"17":2,"18":2,"19":2,"20":2,"21":2,"22":2,"23":2,"24":2,"25":0,"26":2,"27":0,"28":2,"29":2,"30":2,"31":2,"32":2,"33":2,"34":2},"f":{"0":2,"1":2},"b":{"0":[0,2],"1":[0,2],"2":[0,2],"3":[2,0]},"_coverageSchema":"43e27e138ebf9cfc5966b082cf9a028302ed4184","hash":"c52335a0146dffd4ea8e354f08bc67a5cd9cd210"}
,"C:\\Users\\Dachely\\Desktop\\Escuela\\Proyecto\\do-your-list\\middleware\\auth.js": {"path":"C:\\Users\\Dachely\\Desktop\\Escuela\\Proyecto\\do-your-list\\middleware\\auth.js","statementMap":{"0":{"start":{"line":2,"column":4},"end":{"line":2,"column":43}},"1":{"start":{"line":2,"column":30},"end":{"line":2,"column":43}},"2":{"start":{"line":3,"column":4},"end":{"line":3,"column":34}},"3":{"start":{"line":5,"column":0},"end":{"line":5,"column":22}}},"fnMap":{"0":{"name":"auth","decl":{"start":{"line":1,"column":9},"end":{"line":1,"column":13}},"loc":{"start":{"line":1,"column":29},"end":{"line":4,"column":1}},"line":1}},"branchMap":{"0":{"loc":{"start":{"line":2,"column":4},"end":{"line":2,"column":43}},"type":"if","locations":[{"start":{"line":2,"column":4},"end":{"line":2,"column":43}},{"start":{"line":2,"column":4},"end":{"line":2,"column":43}}],"line":2}},"s":{"0":0,"1":0,"2":0,"3":2},"f":{"0":0},"b":{"0":[0,0]},"_coverageSchema":"43e27e138ebf9cfc5966b082cf9a028302ed4184","hash":"dd1b50731b3b2c700e3067621c45fdb01230cce9"}
,"C:\\Users\\Dachely\\Desktop\\Escuela\\Proyecto\\do-your-list\\middleware\\authApi.js": {"path":"C:\\Users\\Dachely\\Desktop\\Escuela\\Proyecto\\do-your-list\\middleware\\authApi.js","statementMap":{"0":{"start":{"line":1,"column":12},"end":{"line":1,"column":35}},"1":{"start":{"line":3,"column":0},"end":{"line":15,"column":1}},"2":{"start":{"line":4,"column":18},"end":{"line":4,"column":45}},"3":{"start":{"line":5,"column":4},"end":{"line":5,"column":64}},"4":{"start":{"line":5,"column":16},"end":{"line":5,"column":64}},"5":{"start":{"line":7,"column":4},"end":{"line":14,"column":5}},"6":{"start":{"line":8,"column":24},"end":{"line":8,"column":61}},"7":{"start":{"line":9,"column":8},"end":{"line":9,"column":31}},"8":{"start":{"line":10,"column":8},"end":{"line":10,"column":15}},"9":{"start":{"line":13,"column":8},"end":{"line":13,"column":45}}},"fnMap":{"0":{"name":"(anonymous_0)","decl":{"start":{"line":3,"column":17},"end":{"line":3,"column":18}},"loc":{"start":{"line":3,"column":42},"end":{"line":15,"column":1}},"line":3}},"branchMap":{"0":{"loc":{"start":{"line":5,"column":4},"end":{"line":5,"column":64}},"type":"if","locations":[{"start":{"line":5,"column":4},"end":{"line":5,"column":64}},{"start":{"line":5,"column":4},"end":{"line":5,"column":64}}],"line":5}},"s":{"0":2,"1":2,"2":8,"3":8,"4":0,"5":8,"6":8,"7":8,"8":8,"9":0},"f":{"0":8},"b":{"0":[0,8]},"_coverageSchema":"43e27e138ebf9cfc5966b082cf9a028302ed4184","hash":"f55329b511b10f78defe4afbaaf38c834948c7b4"}
,"C:\\Users\\Dachely\\Desktop\\Escuela\\Proyecto\\do-your-list\\middleware\\error.js": {"path":"C:\\Users\\Dachely\\Desktop\\Escuela\\Proyecto\\do-your-list\\middleware\\error.js","statementMap":{"0":{"start":{"line":1,"column":16},"end":{"line":1,"column":34}},"1":{"start":{"line":3,"column":0},"end":{"line":6,"column":1}},"2":{"start":{"line":4,"column":4},"end":{"line":4,"column":36}},"3":{"start":{"line":5,"column":4},"end":{"line":5,"column":46}}},"fnMap":{"0":{"name":"(anonymous_0)","decl":{"start":{"line":3,"column":17},"end":{"line":3,"column":18}},"loc":{"start":{"line":3,"column":46},"end":{"line":6,"column":1}},"line":3}},"branchMap":{},"s":{"0":2,"1":2,"2":0,"3":0},"f":{"0":0},"b":{},"_coverageSchema":"43e27e138ebf9cfc5966b082cf9a028302ed4184","hash":"2e49a96c465e09e787b7074c608de06d1bba842a"}
,"C:\\Users\\Dachely\\Desktop\\Escuela\\Proyecto\\do-your-list\\models\\producto.js": {"path":"C:\\Users\\Dachely\\Desktop\\Escuela\\Proyecto\\do-your-list\\models\\producto.js","statementMap":{"0":{"start":{"line":2,"column":17},"end":{"line":2,"column":36}},"1":{"start":{"line":3,"column":12},"end":{"line":3,"column":26}},"2":{"start":{"line":6,"column":23},"end":{"line":36,"column":32}},"3":{"start":{"line":38,"column":17},"end":{"line":38,"column":59}},"4":{"start":{"line":41,"column":19},"end":{"line":47,"column":5}},"5":{"start":{"line":48,"column":4},"end":{"line":48,"column":42}},"6":{"start":{"line":51,"column":19},"end":{"line":58,"column":5}},"7":{"start":{"line":59,"column":4},"end":{"line":59,"column":42}},"8":{"start":{"line":62,"column":0},"end":{"line":62,"column":28}},"9":{"start":{"line":63,"column":0},"end":{"line":63,"column":36}},"10":{"start":{"line":64,"column":0},"end":{"line":64,"column":42}}},"fnMap":{"0":{"name":"validateProd","decl":{"start":{"line":40,"column":9},"end":{"line":40,"column":21}},"loc":{"start":{"line":40,"column":31},"end":{"line":48,"column":43}},"line":40},"1":{"name":"validateProdApi","decl":{"start":{"line":50,"column":9},"end":{"line":50,"column":24}},"loc":{"start":{"line":50,"column":34},"end":{"line":60,"column":1}},"line":50}},"branchMap":{},"s":{"0":2,"1":2,"2":2,"3":2,"4":0,"5":0,"6":3,"7":3,"8":2,"9":2,"10":2},"f":{"0":0,"1":3},"b":{},"_coverageSchema":"43e27e138ebf9cfc5966b082cf9a028302ed4184","hash":"b15124a45bbd474085533a8a8eefc4732b51d0f7"}
,"C:\\Users\\Dachely\\Desktop\\Escuela\\Proyecto\\do-your-list\\models\\usuario.js": {"path":"C:\\Users\\Dachely\\Desktop\\Escuela\\Proyecto\\do-your-list\\models\\usuario.js","statementMap":{"0":{"start":{"line":1,"column":17},"end":{"line":1,"column":36}},"1":{"start":{"line":2,"column":12},"end":{"line":2,"column":26}},"2":{"start":{"line":3,"column":12},"end":{"line":3,"column":35}},"3":{"start":{"line":6,"column":22},"end":{"line":30,"column":32}},"4":{"start":{"line":32,"column":0},"end":{"line":35,"column":1}},"5":{"start":{"line":33,"column":18},"end":{"line":33,"column":66}},"6":{"start":{"line":34,"column":4},"end":{"line":34,"column":17}},"7":{"start":{"line":37,"column":16},"end":{"line":37,"column":56}},"8":{"start":{"line":40,"column":19},"end":{"line":45,"column":5}},"9":{"start":{"line":46,"column":4},"end":{"line":46,"column":41}},"10":{"start":{"line":51,"column":19},"end":{"line":55,"column":5}},"11":{"start":{"line":56,"column":4},"end":{"line":56,"column":41}},"12":{"start":{"line":59,"column":0},"end":{"line":59,"column":26}},"13":{"start":{"line":60,"column":0},"end":{"line":60,"column":28}},"14":{"start":{"line":61,"column":0},"end":{"line":61,"column":38}}},"fnMap":{"0":{"name":"(anonymous_0)","decl":{"start":{"line":32,"column":41},"end":{"line":32,"column":42}},"loc":{"start":{"line":32,"column":52},"end":{"line":35,"column":1}},"line":32},"1":{"name":"validate","decl":{"start":{"line":39,"column":9},"end":{"line":39,"column":17}},"loc":{"start":{"line":39,"column":26},"end":{"line":47,"column":1}},"line":39},"2":{"name":"validateLogin","decl":{"start":{"line":50,"column":9},"end":{"line":50,"column":22}},"loc":{"start":{"line":50,"column":31},"end":{"line":57,"column":1}},"line":50}},"branchMap":{},"s":{"0":2,"1":2,"2":2,"3":2,"4":2,"5":9,"6":9,"7":2,"8":4,"9":4,"10":0,"11":0,"12":2,"13":2,"14":2},"f":{"0":9,"1":4,"2":0},"b":{},"_coverageSchema":"43e27e138ebf9cfc5966b082cf9a028302ed4184","hash":"28d3de966d31d30e850ec1d8a56fdd5ff4450f9b"}
,"C:\\Users\\Dachely\\Desktop\\Escuela\\Proyecto\\do-your-list\\passport\\local.js": {"path":"C:\\Users\\Dachely\\Desktop\\Escuela\\Proyecto\\do-your-list\\passport\\local.js","statementMap":{"0":{"start":{"line":1,"column":17},"end":{"line":1,"column":36}},"1":{"start":{"line":2,"column":22},"end":{"line":2,"column":56}},"2":{"start":{"line":3,"column":15},"end":{"line":3,"column":32}},"3":{"start":{"line":4,"column":45},"end":{"line":4,"column":73}},"4":{"start":{"line":6,"column":0},"end":{"line":8,"column":3}},"5":{"start":{"line":7,"column":4},"end":{"line":7,"column":24}},"6":{"start":{"line":10,"column":0},"end":{"line":13,"column":3}},"7":{"start":{"line":11,"column":20},"end":{"line":11,"column":46}},"8":{"start":{"line":12,"column":4},"end":{"line":12,"column":24}},"9":{"start":{"line":14,"column":0},"end":{"line":44,"column":8}},"10":{"start":{"line":20,"column":8},"end":{"line":20,"column":30}},"11":{"start":{"line":22,"column":26},"end":{"line":22,"column":44}},"12":{"start":{"line":23,"column":8},"end":{"line":23,"column":38}},"13":{"start":{"line":23,"column":19},"end":{"line":23,"column":38}},"14":{"start":{"line":24,"column":22},"end":{"line":24,"column":64}},"15":{"start":{"line":25,"column":8},"end":{"line":25,"column":92}},"16":{"start":{"line":25,"column":21},"end":{"line":25,"column":92}},"17":{"start":{"line":27,"column":8},"end":{"line":33,"column":11}},"18":{"start":{"line":36,"column":21},"end":{"line":36,"column":45}},"19":{"start":{"line":37,"column":8},"end":{"line":37,"column":69}},"20":{"start":{"line":40,"column":8},"end":{"line":40,"column":29}},"21":{"start":{"line":42,"column":8},"end":{"line":42,"column":35}},"22":{"start":{"line":46,"column":0},"end":{"line":62,"column":8}},"23":{"start":{"line":52,"column":26},"end":{"line":52,"column":49}},"24":{"start":{"line":53,"column":8},"end":{"line":53,"column":38}},"25":{"start":{"line":53,"column":19},"end":{"line":53,"column":38}},"26":{"start":{"line":55,"column":22},"end":{"line":55,"column":64}},"27":{"start":{"line":56,"column":8},"end":{"line":56,"column":104}},"28":{"start":{"line":56,"column":22},"end":{"line":56,"column":104}},"29":{"start":{"line":57,"column":30},"end":{"line":57,"column":78}},"30":{"start":{"line":58,"column":8},"end":{"line":58,"column":92}},"31":{"start":{"line":58,"column":28},"end":{"line":58,"column":92}},"32":{"start":{"line":60,"column":8},"end":{"line":60,"column":35}}},"fnMap":{"0":{"name":"(anonymous_0)","decl":{"start":{"line":6,"column":23},"end":{"line":6,"column":24}},"loc":{"start":{"line":6,"column":39},"end":{"line":8,"column":1}},"line":6},"1":{"name":"(anonymous_1)","decl":{"start":{"line":10,"column":25},"end":{"line":10,"column":26}},"loc":{"start":{"line":10,"column":45},"end":{"line":13,"column":1}},"line":10},"2":{"name":"(anonymous_2)","decl":{"start":{"line":18,"column":4},"end":{"line":18,"column":5}},"loc":{"start":{"line":18,"column":45},"end":{"line":44,"column":5}},"line":18},"3":{"name":"(anonymous_3)","decl":{"start":{"line":50,"column":4},"end":{"line":50,"column":5}},"loc":{"start":{"line":50,"column":45},"end":{"line":62,"column":5}},"line":50}},"branchMap":{"0":{"loc":{"start":{"line":23,"column":8},"end":{"line":23,"column":38}},"type":"if","locations":[{"start":{"line":23,"column":8},"end":{"line":23,"column":38}},{"start":{"line":23,"column":8},"end":{"line":23,"column":38}}],"line":23},"1":{"loc":{"start":{"line":25,"column":8},"end":{"line":25,"column":92}},"type":"if","locations":[{"start":{"line":25,"column":8},"end":{"line":25,"column":92}},{"start":{"line":25,"column":8},"end":{"line":25,"column":92}}],"line":25},"2":{"loc":{"start":{"line":53,"column":8},"end":{"line":53,"column":38}},"type":"if","locations":[{"start":{"line":53,"column":8},"end":{"line":53,"column":38}},{"start":{"line":53,"column":8},"end":{"line":53,"column":38}}],"line":53},"3":{"loc":{"start":{"line":56,"column":8},"end":{"line":56,"column":104}},"type":"if","locations":[{"start":{"line":56,"column":8},"end":{"line":56,"column":104}},{"start":{"line":56,"column":8},"end":{"line":56,"column":104}}],"line":56},"4":{"loc":{"start":{"line":58,"column":8},"end":{"line":58,"column":92}},"type":"if","locations":[{"start":{"line":58,"column":8},"end":{"line":58,"column":92}},{"start":{"line":58,"column":8},"end":{"line":58,"column":92}}],"line":58}},"s":{"0":2,"1":2,"2":2,"3":2,"4":2,"5":0,"6":2,"7":0,"8":0,"9":2,"10":0,"11":0,"12":0,"13":0,"14":0,"15":0,"16":0,"17":0,"18":0,"19":0,"20":0,"21":0,"22":2,"23":0,"24":0,"25":0,"26":0,"27":0,"28":0,"29":0,"30":0,"31":0,"32":0},"f":{"0":0,"1":0,"2":0,"3":0},"b":{"0":[0,0],"1":[0,0],"2":[0,0],"3":[0,0],"4":[0,0]},"_coverageSchema":"43e27e138ebf9cfc5966b082cf9a028302ed4184","hash":"d4564b07a7cc8fbb33ed36328317d1c7d982e35f"}
,"C:\\Users\\Dachely\\Desktop\\Escuela\\Proyecto\\do-your-list\\routes\\apiAgregar.js": {"path":"C:\\Users\\Dachely\\Desktop\\Escuela\\Proyecto\\do-your-list\\routes\\apiAgregar.js","statementMap":{"0":{"start":{"line":1,"column":16},"end":{"line":1,"column":34}},"1":{"start":{"line":2,"column":15},"end":{"line":2,"column":31}},"2":{"start":{"line":3,"column":13},"end":{"line":3,"column":45}},"3":{"start":{"line":4,"column":15},"end":{"line":4,"column":32}},"4":{"start":{"line":5,"column":45},"end":{"line":5,"column":73}},"5":{"start":{"line":7,"column":0},"end":{"line":10,"column":3}},"6":{"start":{"line":8,"column":21},"end":{"line":8,"column":41}},"7":{"start":{"line":9,"column":4},"end":{"line":9,"column":22}},"8":{"start":{"line":13,"column":0},"end":{"line":44,"column":3}},"9":{"start":{"line":14,"column":4},"end":{"line":14,"column":35}},"10":{"start":{"line":15,"column":22},"end":{"line":15,"column":40}},"11":{"start":{"line":16,"column":4},"end":{"line":16,"column":26}},"12":{"start":{"line":17,"column":4},"end":{"line":17,"column":53}},"13":{"start":{"line":17,"column":15},"end":{"line":17,"column":53}},"14":{"start":{"line":18,"column":4},"end":{"line":18,"column":69}},"15":{"start":{"line":18,"column":15},"end":{"line":18,"column":69}},"16":{"start":{"line":19,"column":4},"end":{"line":19,"column":46}},"17":{"start":{"line":21,"column":18},"end":{"line":21,"column":65}},"18":{"start":{"line":22,"column":4},"end":{"line":22,"column":45}},"19":{"start":{"line":23,"column":4},"end":{"line":23,"column":25}},"20":{"start":{"line":24,"column":4},"end":{"line":24,"column":79}},"21":{"start":{"line":24,"column":17},"end":{"line":24,"column":79}},"22":{"start":{"line":25,"column":4},"end":{"line":25,"column":57}},"23":{"start":{"line":27,"column":4},"end":{"line":32,"column":7}},"24":{"start":{"line":33,"column":4},"end":{"line":33,"column":44}},"25":{"start":{"line":35,"column":17},"end":{"line":35,"column":41}},"26":{"start":{"line":36,"column":4},"end":{"line":36,"column":65}},"27":{"start":{"line":37,"column":4},"end":{"line":37,"column":45}},"28":{"start":{"line":39,"column":4},"end":{"line":39,"column":25}},"29":{"start":{"line":40,"column":4},"end":{"line":40,"column":45}},"30":{"start":{"line":41,"column":4},"end":{"line":41,"column":39}},"31":{"start":{"line":43,"column":4},"end":{"line":43,"column":41}},"32":{"start":{"line":59,"column":0},"end":{"line":64,"column":3}},"33":{"start":{"line":60,"column":18},"end":{"line":60,"column":34}},"34":{"start":{"line":61,"column":18},"end":{"line":61,"column":50}},"35":{"start":{"line":62,"column":4},"end":{"line":62,"column":72}},"36":{"start":{"line":62,"column":18},"end":{"line":62,"column":72}},"37":{"start":{"line":63,"column":4},"end":{"line":63,"column":29}},"38":{"start":{"line":67,"column":0},"end":{"line":82,"column":3}},"39":{"start":{"line":68,"column":22},"end":{"line":68,"column":40}},"40":{"start":{"line":69,"column":4},"end":{"line":69,"column":69}},"41":{"start":{"line":69,"column":15},"end":{"line":69,"column":69}},"42":{"start":{"line":71,"column":18},"end":{"line":71,"column":34}},"43":{"start":{"line":72,"column":20},"end":{"line":79,"column":21}},"44":{"start":{"line":80,"column":4},"end":{"line":80,"column":72}},"45":{"start":{"line":80,"column":18},"end":{"line":80,"column":72}},"46":{"start":{"line":81,"column":4},"end":{"line":81,"column":29}},"47":{"start":{"line":85,"column":0},"end":{"line":92,"column":3}},"48":{"start":{"line":87,"column":18},"end":{"line":87,"column":34}},"49":{"start":{"line":88,"column":20},"end":{"line":88,"column":59}},"50":{"start":{"line":89,"column":4},"end":{"line":89,"column":72}},"51":{"start":{"line":89,"column":18},"end":{"line":89,"column":72}},"52":{"start":{"line":90,"column":4},"end":{"line":90,"column":29}},"53":{"start":{"line":109,"column":0},"end":{"line":109,"column":24}}},"fnMap":{"0":{"name":"(anonymous_0)","decl":{"start":{"line":7,"column":16},"end":{"line":7,"column":17}},"loc":{"start":{"line":7,"column":35},"end":{"line":10,"column":1}},"line":7},"1":{"name":"(anonymous_1)","decl":{"start":{"line":13,"column":25},"end":{"line":13,"column":26}},"loc":{"start":{"line":13,"column":45},"end":{"line":44,"column":1}},"line":13},"2":{"name":"(anonymous_2)","decl":{"start":{"line":59,"column":22},"end":{"line":59,"column":23}},"loc":{"start":{"line":59,"column":42},"end":{"line":64,"column":1}},"line":59},"3":{"name":"(anonymous_3)","decl":{"start":{"line":67,"column":28},"end":{"line":67,"column":29}},"loc":{"start":{"line":67,"column":48},"end":{"line":82,"column":1}},"line":67},"4":{"name":"(anonymous_4)","decl":{"start":{"line":85,"column":31},"end":{"line":85,"column":32}},"loc":{"start":{"line":85,"column":51},"end":{"line":92,"column":1}},"line":85}},"branchMap":{"0":{"loc":{"start":{"line":17,"column":4},"end":{"line":17,"column":53}},"type":"if","locations":[{"start":{"line":17,"column":4},"end":{"line":17,"column":53}},{"start":{"line":17,"column":4},"end":{"line":17,"column":53}}],"line":17},"1":{"loc":{"start":{"line":18,"column":4},"end":{"line":18,"column":69}},"type":"if","locations":[{"start":{"line":18,"column":4},"end":{"line":18,"column":69}},{"start":{"line":18,"column":4},"end":{"line":18,"column":69}}],"line":18},"2":{"loc":{"start":{"line":24,"column":4},"end":{"line":24,"column":79}},"type":"if","locations":[{"start":{"line":24,"column":4},"end":{"line":24,"column":79}},{"start":{"line":24,"column":4},"end":{"line":24,"column":79}}],"line":24},"3":{"loc":{"start":{"line":62,"column":4},"end":{"line":62,"column":72}},"type":"if","locations":[{"start":{"line":62,"column":4},"end":{"line":62,"column":72}},{"start":{"line":62,"column":4},"end":{"line":62,"column":72}}],"line":62},"4":{"loc":{"start":{"line":69,"column":4},"end":{"line":69,"column":69}},"type":"if","locations":[{"start":{"line":69,"column":4},"end":{"line":69,"column":69}},{"start":{"line":69,"column":4},"end":{"line":69,"column":69}}],"line":69},"5":{"loc":{"start":{"line":80,"column":4},"end":{"line":80,"column":72}},"type":"if","locations":[{"start":{"line":80,"column":4},"end":{"line":80,"column":72}},{"start":{"line":80,"column":4},"end":{"line":80,"column":72}}],"line":80},"6":{"loc":{"start":{"line":89,"column":4},"end":{"line":89,"column":72}},"type":"if","locations":[{"start":{"line":89,"column":4},"end":{"line":89,"column":72}},{"start":{"line":89,"column":4},"end":{"line":89,"column":72}}],"line":89}},"s":{"0":2,"1":2,"2":2,"3":2,"4":2,"5":2,"6":1,"7":1,"8":2,"9":3,"10":3,"11":3,"12":3,"13":0,"14":3,"15":0,"16":3,"17":3,"18":3,"19":3,"20":3,"21":1,"22":2,"23":2,"24":2,"25":2,"26":2,"27":2,"28":2,"29":2,"30":2,"31":2,"32":2,"33":3,"34":3,"35":3,"36":2,"37":1,"38":2,"39":1,"40":1,"41":0,"42":1,"43":1,"44":1,"45":0,"46":1,"47":2,"48":2,"49":2,"50":2,"51":1,"52":1,"53":2},"f":{"0":1,"1":3,"2":3,"3":1,"4":2},"b":{"0":[0,3],"1":[0,3],"2":[1,2],"3":[2,1],"4":[0,1],"5":[0,1],"6":[1,1]},"_coverageSchema":"43e27e138ebf9cfc5966b082cf9a028302ed4184","hash":"27a5ade776793d6f7ecfa98cf999487f7efc36e4"}
,"C:\\Users\\Dachely\\Desktop\\Escuela\\Proyecto\\do-your-list\\routes\\apiProducto.js": {"path":"C:\\Users\\Dachely\\Desktop\\Escuela\\Proyecto\\do-your-list\\routes\\apiProducto.js","statementMap":{"0":{"start":{"line":1,"column":16},"end":{"line":1,"column":34}},"1":{"start":{"line":2,"column":15},"end":{"line":2,"column":31}},"2":{"start":{"line":3,"column":52},"end":{"line":3,"column":81}},"3":{"start":{"line":4,"column":13},"end":{"line":4,"column":45}},"4":{"start":{"line":7,"column":0},"end":{"line":10,"column":3}},"5":{"start":{"line":8,"column":22},"end":{"line":8,"column":43}},"6":{"start":{"line":9,"column":4},"end":{"line":9,"column":23}},"7":{"start":{"line":13,"column":0},"end":{"line":27,"column":3}},"8":{"start":{"line":14,"column":22},"end":{"line":14,"column":47}},"9":{"start":{"line":15,"column":4},"end":{"line":15,"column":69}},"10":{"start":{"line":15,"column":15},"end":{"line":15,"column":69}},"11":{"start":{"line":16,"column":19},"end":{"line":24,"column":6}},"12":{"start":{"line":25,"column":4},"end":{"line":25,"column":26}},"13":{"start":{"line":26,"column":4},"end":{"line":26,"column":42}},"14":{"start":{"line":30,"column":0},"end":{"line":35,"column":3}},"15":{"start":{"line":31,"column":17},"end":{"line":31,"column":32}},"16":{"start":{"line":32,"column":19},"end":{"line":32,"column":51}},"17":{"start":{"line":33,"column":4},"end":{"line":33,"column":74}},"18":{"start":{"line":33,"column":19},"end":{"line":33,"column":74}},"19":{"start":{"line":34,"column":4},"end":{"line":34,"column":30}},"20":{"start":{"line":38,"column":0},"end":{"line":55,"column":3}},"21":{"start":{"line":40,"column":22},"end":{"line":40,"column":47}},"22":{"start":{"line":41,"column":4},"end":{"line":41,"column":69}},"23":{"start":{"line":41,"column":15},"end":{"line":41,"column":69}},"24":{"start":{"line":42,"column":4},"end":{"line":42,"column":69}},"25":{"start":{"line":42,"column":15},"end":{"line":42,"column":69}},"26":{"start":{"line":44,"column":17},"end":{"line":44,"column":32}},"27":{"start":{"line":45,"column":21},"end":{"line":52,"column":21}},"28":{"start":{"line":53,"column":4},"end":{"line":53,"column":74}},"29":{"start":{"line":53,"column":19},"end":{"line":53,"column":74}},"30":{"start":{"line":54,"column":4},"end":{"line":54,"column":30}},"31":{"start":{"line":58,"column":0},"end":{"line":63,"column":3}},"32":{"start":{"line":59,"column":17},"end":{"line":59,"column":30}},"33":{"start":{"line":60,"column":21},"end":{"line":60,"column":60}},"34":{"start":{"line":61,"column":4},"end":{"line":61,"column":74}},"35":{"start":{"line":61,"column":19},"end":{"line":61,"column":74}},"36":{"start":{"line":62,"column":4},"end":{"line":62,"column":30}},"37":{"start":{"line":65,"column":0},"end":{"line":65,"column":24}}},"fnMap":{"0":{"name":"(anonymous_0)","decl":{"start":{"line":7,"column":22},"end":{"line":7,"column":23}},"loc":{"start":{"line":7,"column":41},"end":{"line":10,"column":1}},"line":7},"1":{"name":"(anonymous_1)","decl":{"start":{"line":13,"column":26},"end":{"line":13,"column":27}},"loc":{"start":{"line":13,"column":46},"end":{"line":27,"column":1}},"line":13},"2":{"name":"(anonymous_2)","decl":{"start":{"line":30,"column":21},"end":{"line":30,"column":22}},"loc":{"start":{"line":30,"column":41},"end":{"line":35,"column":1}},"line":30},"3":{"name":"(anonymous_3)","decl":{"start":{"line":38,"column":27},"end":{"line":38,"column":28}},"loc":{"start":{"line":38,"column":47},"end":{"line":55,"column":1}},"line":38},"4":{"name":"(anonymous_4)","decl":{"start":{"line":58,"column":28},"end":{"line":58,"column":29}},"loc":{"start":{"line":58,"column":48},"end":{"line":63,"column":1}},"line":58}},"branchMap":{"0":{"loc":{"start":{"line":15,"column":4},"end":{"line":15,"column":69}},"type":"if","locations":[{"start":{"line":15,"column":4},"end":{"line":15,"column":69}},{"start":{"line":15,"column":4},"end":{"line":15,"column":69}}],"line":15},"1":{"loc":{"start":{"line":33,"column":4},"end":{"line":33,"column":74}},"type":"if","locations":[{"start":{"line":33,"column":4},"end":{"line":33,"column":74}},{"start":{"line":33,"column":4},"end":{"line":33,"column":74}}],"line":33},"2":{"loc":{"start":{"line":41,"column":4},"end":{"line":41,"column":69}},"type":"if","locations":[{"start":{"line":41,"column":4},"end":{"line":41,"column":69}},{"start":{"line":41,"column":4},"end":{"line":41,"column":69}}],"line":41},"3":{"loc":{"start":{"line":42,"column":4},"end":{"line":42,"column":69}},"type":"if","locations":[{"start":{"line":42,"column":4},"end":{"line":42,"column":69}},{"start":{"line":42,"column":4},"end":{"line":42,"column":69}}],"line":42},"4":{"loc":{"start":{"line":53,"column":4},"end":{"line":53,"column":74}},"type":"if","locations":[{"start":{"line":53,"column":4},"end":{"line":53,"column":74}},{"start":{"line":53,"column":4},"end":{"line":53,"column":74}}],"line":53},"5":{"loc":{"start":{"line":61,"column":4},"end":{"line":61,"column":74}},"type":"if","locations":[{"start":{"line":61,"column":4},"end":{"line":61,"column":74}},{"start":{"line":61,"column":4},"end":{"line":61,"column":74}}],"line":61}},"s":{"0":2,"1":2,"2":2,"3":2,"4":2,"5":1,"6":1,"7":2,"8":2,"9":2,"10":0,"11":2,"12":2,"13":2,"14":2,"15":4,"16":4,"17":4,"18":3,"19":1,"20":2,"21":1,"22":1,"23":0,"24":1,"25":0,"26":1,"27":1,"28":1,"29":0,"30":1,"31":2,"32":1,"33":1,"34":1,"35":0,"36":1,"37":2},"f":{"0":1,"1":2,"2":4,"3":1,"4":1},"b":{"0":[0,2],"1":[3,1],"2":[0,1],"3":[0,1],"4":[0,1],"5":[0,1]},"_coverageSchema":"43e27e138ebf9cfc5966b082cf9a028302ed4184","hash":"c9fa3c5f0357fec38d999cebf3f574a55598adad"}
,"C:\\Users\\Dachely\\Desktop\\Escuela\\Proyecto\\do-your-list\\routes\\root.js": {"path":"C:\\Users\\Dachely\\Desktop\\Escuela\\Proyecto\\do-your-list\\routes\\root.js","statementMap":{"0":{"start":{"line":1,"column":16},"end":{"line":1,"column":34}},"1":{"start":{"line":2,"column":15},"end":{"line":2,"column":31}},"2":{"start":{"line":3,"column":13},"end":{"line":3,"column":28}},"3":{"start":{"line":4,"column":16},"end":{"line":4,"column":42}},"4":{"start":{"line":5,"column":17},"end":{"line":5,"column":36}},"5":{"start":{"line":6,"column":13},"end":{"line":6,"column":42}},"6":{"start":{"line":7,"column":30},"end":{"line":7,"column":58}},"7":{"start":{"line":8,"column":35},"end":{"line":8,"column":64}},"8":{"start":{"line":10,"column":18},"end":{"line":10,"column":38}},"9":{"start":{"line":12,"column":17},"end":{"line":12,"column":19}},"10":{"start":{"line":14,"column":18},"end":{"line":14,"column":20}},"11":{"start":{"line":15,"column":16},"end":{"line":15,"column":18}},"12":{"start":{"line":16,"column":16},"end":{"line":16,"column":18}},"13":{"start":{"line":20,"column":0},"end":{"line":25,"column":3}},"14":{"start":{"line":22,"column":4},"end":{"line":22,"column":60}},"15":{"start":{"line":22,"column":27},"end":{"line":22,"column":60}},"16":{"start":{"line":24,"column":4},"end":{"line":24,"column":29}},"17":{"start":{"line":27,"column":0},"end":{"line":29,"column":3}},"18":{"start":{"line":28,"column":4},"end":{"line":28,"column":28}},"19":{"start":{"line":31,"column":0},"end":{"line":33,"column":3}},"20":{"start":{"line":32,"column":4},"end":{"line":32,"column":31}},"21":{"start":{"line":35,"column":0},"end":{"line":38,"column":3}},"22":{"start":{"line":36,"column":4},"end":{"line":36,"column":26}},"23":{"start":{"line":37,"column":4},"end":{"line":37,"column":22}},"24":{"start":{"line":52,"column":0},"end":{"line":57,"column":4}},"25":{"start":{"line":93,"column":0},"end":{"line":98,"column":4}},"26":{"start":{"line":102,"column":0},"end":{"line":137,"column":3}},"27":{"start":{"line":103,"column":18},"end":{"line":103,"column":26}},"28":{"start":{"line":136,"column":4},"end":{"line":136,"column":47}},"29":{"start":{"line":139,"column":0},"end":{"line":145,"column":3}},"30":{"start":{"line":140,"column":18},"end":{"line":140,"column":26}},"31":{"start":{"line":143,"column":4},"end":{"line":143,"column":85}},"32":{"start":{"line":148,"column":0},"end":{"line":167,"column":3}},"33":{"start":{"line":150,"column":22},"end":{"line":150,"column":44}},"34":{"start":{"line":151,"column":4},"end":{"line":151,"column":69}},"35":{"start":{"line":151,"column":15},"end":{"line":151,"column":69}},"36":{"start":{"line":153,"column":19},"end":{"line":160,"column":6}},"37":{"start":{"line":162,"column":4},"end":{"line":162,"column":26}},"38":{"start":{"line":164,"column":4},"end":{"line":164,"column":37}},"39":{"start":{"line":170,"column":0},"end":{"line":179,"column":3}},"40":{"start":{"line":171,"column":18},"end":{"line":171,"column":26}},"41":{"start":{"line":172,"column":21},"end":{"line":176,"column":92}},"42":{"start":{"line":178,"column":4},"end":{"line":178,"column":49}},"43":{"start":{"line":181,"column":0},"end":{"line":186,"column":3}},"44":{"start":{"line":182,"column":13},"end":{"line":182,"column":26}},"45":{"start":{"line":183,"column":21},"end":{"line":183,"column":58}},"46":{"start":{"line":184,"column":4},"end":{"line":184,"column":74}},"47":{"start":{"line":184,"column":19},"end":{"line":184,"column":74}},"48":{"start":{"line":185,"column":4},"end":{"line":185,"column":36}},"49":{"start":{"line":188,"column":0},"end":{"line":194,"column":3}},"50":{"start":{"line":189,"column":18},"end":{"line":189,"column":26}},"51":{"start":{"line":190,"column":13},"end":{"line":190,"column":26}},"52":{"start":{"line":191,"column":21},"end":{"line":191,"column":56}},"53":{"start":{"line":192,"column":4},"end":{"line":192,"column":73}},"54":{"start":{"line":192,"column":19},"end":{"line":192,"column":73}},"55":{"start":{"line":193,"column":4},"end":{"line":193,"column":57}},"56":{"start":{"line":196,"column":0},"end":{"line":210,"column":3}},"57":{"start":{"line":197,"column":13},"end":{"line":197,"column":26}},"58":{"start":{"line":198,"column":21},"end":{"line":205,"column":21}},"59":{"start":{"line":206,"column":4},"end":{"line":206,"column":74}},"60":{"start":{"line":206,"column":19},"end":{"line":206,"column":74}},"61":{"start":{"line":207,"column":4},"end":{"line":207,"column":36}},"62":{"start":{"line":212,"column":0},"end":{"line":301,"column":5}},"63":{"start":{"line":213,"column":4},"end":{"line":299,"column":5}},"64":{"start":{"line":214,"column":18},"end":{"line":214,"column":46}},"65":{"start":{"line":216,"column":22},"end":{"line":216,"column":64}},"66":{"start":{"line":217,"column":19},"end":{"line":217,"column":42}},"67":{"start":{"line":219,"column":8},"end":{"line":219,"column":29}},"68":{"start":{"line":220,"column":8},"end":{"line":220,"column":96}},"69":{"start":{"line":221,"column":8},"end":{"line":221,"column":151}},"70":{"start":{"line":223,"column":20},"end":{"line":223,"column":94}},"71":{"start":{"line":226,"column":8},"end":{"line":231,"column":9}},"72":{"start":{"line":227,"column":22},"end":{"line":227,"column":24}},"73":{"start":{"line":228,"column":12},"end":{"line":228,"column":95}},"74":{"start":{"line":228,"column":82},"end":{"line":228,"column":93}},"75":{"start":{"line":229,"column":12},"end":{"line":229,"column":80}},"76":{"start":{"line":229,"column":67},"end":{"line":229,"column":78}},"77":{"start":{"line":230,"column":12},"end":{"line":230,"column":33}},"78":{"start":{"line":233,"column":8},"end":{"line":233,"column":105}},"79":{"start":{"line":235,"column":8},"end":{"line":235,"column":60}},"80":{"start":{"line":236,"column":8},"end":{"line":236,"column":151}},"81":{"start":{"line":238,"column":24},"end":{"line":238,"column":62}},"82":{"start":{"line":242,"column":8},"end":{"line":249,"column":9}},"83":{"start":{"line":243,"column":22},"end":{"line":243,"column":24}},"84":{"start":{"line":244,"column":12},"end":{"line":244,"column":88}},"85":{"start":{"line":244,"column":75},"end":{"line":244,"column":86}},"86":{"start":{"line":245,"column":12},"end":{"line":245,"column":80}},"87":{"start":{"line":245,"column":67},"end":{"line":245,"column":78}},"88":{"start":{"line":248,"column":12},"end":{"line":248,"column":34}},"89":{"start":{"line":252,"column":8},"end":{"line":252,"column":106}},"90":{"start":{"line":254,"column":8},"end":{"line":254,"column":60}},"91":{"start":{"line":255,"column":8},"end":{"line":255,"column":151}},"92":{"start":{"line":257,"column":24},"end":{"line":257,"column":62}},"93":{"start":{"line":262,"column":8},"end":{"line":269,"column":9}},"94":{"start":{"line":263,"column":22},"end":{"line":263,"column":24}},"95":{"start":{"line":264,"column":12},"end":{"line":264,"column":88}},"96":{"start":{"line":264,"column":75},"end":{"line":264,"column":86}},"97":{"start":{"line":265,"column":12},"end":{"line":265,"column":80}},"98":{"start":{"line":265,"column":67},"end":{"line":265,"column":78}},"99":{"start":{"line":268,"column":12},"end":{"line":268,"column":32}},"100":{"start":{"line":273,"column":8},"end":{"line":273,"column":99}},"101":{"start":{"line":275,"column":8},"end":{"line":275,"column":60}},"102":{"start":{"line":276,"column":8},"end":{"line":276,"column":151}},"103":{"start":{"line":278,"column":24},"end":{"line":278,"column":62}},"104":{"start":{"line":283,"column":8},"end":{"line":290,"column":9}},"105":{"start":{"line":284,"column":22},"end":{"line":284,"column":24}},"106":{"start":{"line":285,"column":12},"end":{"line":285,"column":88}},"107":{"start":{"line":285,"column":75},"end":{"line":285,"column":86}},"108":{"start":{"line":286,"column":12},"end":{"line":286,"column":80}},"109":{"start":{"line":286,"column":67},"end":{"line":286,"column":78}},"110":{"start":{"line":289,"column":12},"end":{"line":289,"column":32}},"111":{"start":{"line":295,"column":8},"end":{"line":295,"column":30}},"112":{"start":{"line":298,"column":8},"end":{"line":298,"column":32}},"113":{"start":{"line":305,"column":0},"end":{"line":305,"column":24}}},"fnMap":{"0":{"name":"(anonymous_0)","decl":{"start":{"line":20,"column":16},"end":{"line":20,"column":17}},"loc":{"start":{"line":20,"column":30},"end":{"line":25,"column":1}},"line":20},"1":{"name":"(anonymous_1)","decl":{"start":{"line":27,"column":21},"end":{"line":27,"column":22}},"loc":{"start":{"line":27,"column":35},"end":{"line":29,"column":1}},"line":27},"2":{"name":"(anonymous_2)","decl":{"start":{"line":31,"column":24},"end":{"line":31,"column":25}},"loc":{"start":{"line":31,"column":38},"end":{"line":33,"column":1}},"line":31},"3":{"name":"(anonymous_3)","decl":{"start":{"line":35,"column":22},"end":{"line":35,"column":23}},"loc":{"start":{"line":35,"column":36},"end":{"line":38,"column":1}},"line":35},"4":{"name":"(anonymous_4)","decl":{"start":{"line":102,"column":30},"end":{"line":102,"column":31}},"loc":{"start":{"line":102,"column":50},"end":{"line":137,"column":1}},"line":102},"5":{"name":"(anonymous_5)","decl":{"start":{"line":139,"column":33},"end":{"line":139,"column":34}},"loc":{"start":{"line":139,"column":53},"end":{"line":145,"column":1}},"line":139},"6":{"name":"(anonymous_6)","decl":{"start":{"line":148,"column":38},"end":{"line":148,"column":39}},"loc":{"start":{"line":148,"column":58},"end":{"line":167,"column":1}},"line":148},"7":{"name":"(anonymous_7)","decl":{"start":{"line":170,"column":29},"end":{"line":170,"column":30}},"loc":{"start":{"line":170,"column":49},"end":{"line":179,"column":1}},"line":170},"8":{"name":"(anonymous_8)","decl":{"start":{"line":181,"column":32},"end":{"line":181,"column":33}},"loc":{"start":{"line":181,"column":52},"end":{"line":186,"column":1}},"line":181},"9":{"name":"(anonymous_9)","decl":{"start":{"line":188,"column":32},"end":{"line":188,"column":33}},"loc":{"start":{"line":188,"column":52},"end":{"line":194,"column":1}},"line":188},"10":{"name":"(anonymous_10)","decl":{"start":{"line":196,"column":33},"end":{"line":196,"column":34}},"loc":{"start":{"line":196,"column":53},"end":{"line":210,"column":1}},"line":196},"11":{"name":"getOffers","decl":{"start":{"line":212,"column":16},"end":{"line":212,"column":25}},"loc":{"start":{"line":212,"column":28},"end":{"line":301,"column":1}},"line":212},"12":{"name":"(anonymous_12)","decl":{"start":{"line":228,"column":77},"end":{"line":228,"column":78}},"loc":{"start":{"line":228,"column":82},"end":{"line":228,"column":93}},"line":228},"13":{"name":"(anonymous_13)","decl":{"start":{"line":229,"column":62},"end":{"line":229,"column":63}},"loc":{"start":{"line":229,"column":67},"end":{"line":229,"column":78}},"line":229},"14":{"name":"(anonymous_14)","decl":{"start":{"line":244,"column":70},"end":{"line":244,"column":71}},"loc":{"start":{"line":244,"column":75},"end":{"line":244,"column":86}},"line":244},"15":{"name":"(anonymous_15)","decl":{"start":{"line":245,"column":62},"end":{"line":245,"column":63}},"loc":{"start":{"line":245,"column":67},"end":{"line":245,"column":78}},"line":245},"16":{"name":"(anonymous_16)","decl":{"start":{"line":264,"column":70},"end":{"line":264,"column":71}},"loc":{"start":{"line":264,"column":75},"end":{"line":264,"column":86}},"line":264},"17":{"name":"(anonymous_17)","decl":{"start":{"line":265,"column":62},"end":{"line":265,"column":63}},"loc":{"start":{"line":265,"column":67},"end":{"line":265,"column":78}},"line":265},"18":{"name":"(anonymous_18)","decl":{"start":{"line":285,"column":70},"end":{"line":285,"column":71}},"loc":{"start":{"line":285,"column":75},"end":{"line":285,"column":86}},"line":285},"19":{"name":"(anonymous_19)","decl":{"start":{"line":286,"column":62},"end":{"line":286,"column":63}},"loc":{"start":{"line":286,"column":67},"end":{"line":286,"column":78}},"line":286}},"branchMap":{"0":{"loc":{"start":{"line":22,"column":4},"end":{"line":22,"column":60}},"type":"if","locations":[{"start":{"line":22,"column":4},"end":{"line":22,"column":60}},{"start":{"line":22,"column":4},"end":{"line":22,"column":60}}],"line":22},"1":{"loc":{"start":{"line":151,"column":4},"end":{"line":151,"column":69}},"type":"if","locations":[{"start":{"line":151,"column":4},"end":{"line":151,"column":69}},{"start":{"line":151,"column":4},"end":{"line":151,"column":69}}],"line":151},"2":{"loc":{"start":{"line":184,"column":4},"end":{"line":184,"column":74}},"type":"if","locations":[{"start":{"line":184,"column":4},"end":{"line":184,"column":74}},{"start":{"line":184,"column":4},"end":{"line":184,"column":74}}],"line":184},"3":{"loc":{"start":{"line":192,"column":4},"end":{"line":192,"column":73}},"type":"if","locations":[{"start":{"line":192,"column":4},"end":{"line":192,"column":73}},{"start":{"line":192,"column":4},"end":{"line":192,"column":73}}],"line":192},"4":{"loc":{"start":{"line":206,"column":4},"end":{"line":206,"column":74}},"type":"if","locations":[{"start":{"line":206,"column":4},"end":{"line":206,"column":74}},{"start":{"line":206,"column":4},"end":{"line":206,"column":74}}],"line":206}},"s":{"0":2,"1":2,"2":2,"3":2,"4":2,"5":2,"6":2,"7":2,"8":2,"9":2,"10":2,"11":2,"12":2,"13":2,"14":0,"15":0,"16":0,"17":2,"18":0,"19":2,"20":0,"21":2,"22":0,"23":0,"24":2,"25":2,"26":2,"27":0,"28":0,"29":2,"30":0,"31":0,"32":2,"33":0,"34":0,"35":0,"36":0,"37":0,"38":0,"39":2,"40":0,"41":0,"42":0,"43":2,"44":0,"45":0,"46":0,"47":0,"48":0,"49":2,"50":0,"51":0,"52":0,"53":0,"54":0,"55":0,"56":2,"57":0,"58":0,"59":0,"60":0,"61":0,"62":2,"63":2,"64":2,"65":2,"66":2,"67":2,"68":0,"69":0,"70":0,"71":0,"72":0,"73":0,"74":0,"75":0,"76":0,"77":0,"78":0,"79":0,"80":0,"81":0,"82":0,"83":0,"84":0,"85":0,"86":0,"87":0,"88":0,"89":0,"90":0,"91":0,"92":0,"93":0,"94":0,"95":0,"96":0,"97":0,"98":0,"99":0,"100":0,"101":0,"102":0,"103":0,"104":0,"105":0,"106":0,"107":0,"108":0,"109":0,"110":0,"111":0,"112":0,"113":2},"f":{"0":0,"1":0,"2":0,"3":0,"4":0,"5":0,"6":0,"7":0,"8":0,"9":0,"10":0,"11":2,"12":0,"13":0,"14":0,"15":0,"16":0,"17":0,"18":0,"19":0},"b":{"0":[0,0],"1":[0,0],"2":[0,0],"3":[0,0],"4":[0,0]},"_coverageSchema":"43e27e138ebf9cfc5966b082cf9a028302ed4184","hash":"add3b19bc5da859f4cd30c04ffead6474012cccc"}
,"C:\\Users\\Dachely\\Desktop\\Escuela\\Proyecto\\do-your-list\\startup\\logging.js": {"path":"C:\\Users\\Dachely\\Desktop\\Escuela\\Proyecto\\do-your-list\\startup\\logging.js","statementMap":{"0":{"start":{"line":1,"column":16},"end":{"line":1,"column":34}},"1":{"start":{"line":2,"column":0},"end":{"line":2,"column":32}},"2":{"start":{"line":4,"column":0},"end":{"line":27,"column":1}},"3":{"start":{"line":6,"column":4},"end":{"line":22,"column":7}},"4":{"start":{"line":12,"column":16},"end":{"line":12,"column":74}},"5":{"start":{"line":24,"column":4},"end":{"line":26,"column":7}},"6":{"start":{"line":25,"column":8},"end":{"line":25,"column":28}}},"fnMap":{"0":{"name":"(anonymous_0)","decl":{"start":{"line":4,"column":17},"end":{"line":4,"column":18}},"loc":{"start":{"line":4,"column":28},"end":{"line":27,"column":1}},"line":4},"1":{"name":"(anonymous_1)","decl":{"start":{"line":11,"column":34},"end":{"line":11,"column":35}},"loc":{"start":{"line":11,"column":42},"end":{"line":13,"column":13}},"line":11},"2":{"name":"(anonymous_2)","decl":{"start":{"line":24,"column":37},"end":{"line":24,"column":38}},"loc":{"start":{"line":24,"column":43},"end":{"line":26,"column":5}},"line":24}},"branchMap":{},"s":{"0":2,"1":2,"2":2,"3":2,"4":0,"5":2,"6":0},"f":{"0":2,"1":0,"2":0},"b":{},"_coverageSchema":"43e27e138ebf9cfc5966b082cf9a028302ed4184","hash":"cced5bc9dc6398a30e2890f03bf88b3371f0fc2b"}
}
