{"C:\\Users\\Dachely\\Desktop\\Escuela\\Proyecto\\do-your-list\\index.js": {"path":"C:\\Users\\Dachely\\Desktop\\Escuela\\Proyecto\\do-your-list\\index.js","statementMap":{"0":{"start":{"line":1,"column":0},"end":{"line":1,"column":27}},"1":{"start":{"line":2,"column":0},"end":{"line":2,"column":31}},"2":{"start":{"line":3,"column":17},"end":{"line":3,"column":36}},"3":{"start":{"line":4,"column":16},"end":{"line":4,"column":34}},"4":{"start":{"line":5,"column":13},"end":{"line":5,"column":28}},"5":{"start":{"line":6,"column":16},"end":{"line":6,"column":42}},"6":{"start":{"line":7,"column":12},"end":{"line":7,"column":21}},"7":{"start":{"line":8,"column":19},"end":{"line":8,"column":43}},"8":{"start":{"line":9,"column":22},"end":{"line":9,"column":52}},"9":{"start":{"line":10,"column":30},"end":{"line":10,"column":61}},"10":{"start":{"line":11,"column":17},"end":{"line":11,"column":36}},"11":{"start":{"line":12,"column":14},"end":{"line":12,"column":43}},"12":{"start":{"line":13,"column":0},"end":{"line":13,"column":28}},"13":{"start":{"line":15,"column":0},"end":{"line":19,"column":4}},"14":{"start":{"line":20,"column":0},"end":{"line":20,"column":31}},"15":{"start":{"line":21,"column":0},"end":{"line":21,"column":28}},"16":{"start":{"line":22,"column":0},"end":{"line":22,"column":56}},"17":{"start":{"line":23,"column":0},"end":{"line":23,"column":49}},"18":{"start":{"line":24,"column":0},"end":{"line":24,"column":30}},"19":{"start":{"line":26,"column":0},"end":{"line":26,"column":24}},"20":{"start":{"line":27,"column":0},"end":{"line":27,"column":48}},"21":{"start":{"line":28,"column":0},"end":{"line":28,"column":31}},"22":{"start":{"line":29,"column":0},"end":{"line":29,"column":25}},"23":{"start":{"line":30,"column":0},"end":{"line":30,"column":15}},"24":{"start":{"line":32,"column":0},"end":{"line":34,"column":1}},"25":{"start":{"line":33,"column":4},"end":{"line":33,"column":64}},"26":{"start":{"line":36,"column":0},"end":{"line":38,"column":1}},"27":{"start":{"line":37,"column":4},"end":{"line":37,"column":67}},"28":{"start":{"line":40,"column":15},"end":{"line":40,"column":93}},"29":{"start":{"line":42,"column":0},"end":{"line":45,"column":5}},"30":{"start":{"line":43,"column":16},"end":{"line":43,"column":53}},"31":{"start":{"line":47,"column":13},"end":{"line":47,"column":37}},"32":{"start":{"line":48,"column":15},"end":{"line":48,"column":87}},"33":{"start":{"line":48,"column":38},"end":{"line":48,"column":86}},"34":{"start":{"line":50,"column":0},"end":{"line":50,"column":24}}},"fnMap":{"0":{"name":"(anonymous_0)","decl":{"start":{"line":43,"column":10},"end":{"line":43,"column":11}},"loc":{"start":{"line":43,"column":16},"end":{"line":43,"column":53}},"line":43},"1":{"name":"(anonymous_1)","decl":{"start":{"line":48,"column":32},"end":{"line":48,"column":33}},"loc":{"start":{"line":48,"column":38},"end":{"line":48,"column":86}},"line":48}},"branchMap":{"0":{"loc":{"start":{"line":32,"column":0},"end":{"line":34,"column":1}},"type":"if","locations":[{"start":{"line":32,"column":0},"end":{"line":34,"column":1}},{"start":{"line":32,"column":0},"end":{"line":34,"column":1}}],"line":32},"1":{"loc":{"start":{"line":36,"column":0},"end":{"line":38,"column":1}},"type":"if","locations":[{"start":{"line":36,"column":0},"end":{"line":38,"column":1}},{"start":{"line":36,"column":0},"end":{"line":38,"column":1}}],"line":36},"2":{"loc":{"start":{"line":40,"column":15},"end":{"line":40,"column":93}},"type":"cond-expr","locations":[{"start":{"line":40,"column":49},"end":{"line":40,"column":67}},{"start":{"line":40,"column":70},"end":{"line":40,"column":93}}],"line":40},"3":{"loc":{"start":{"line":47,"column":13},"end":{"line":47,"column":37}},"type":"binary-expr","locations":[{"start":{"line":47,"column":13},"end":{"line":47,"column":29}},{"start":{"line":47,"column":33},"end":{"line":47,"column":37}}],"line":47}},"s":{"0":2,"1":2,"2":2,"3":2,"4":2,"5":2,"6":2,"7":2,"8":2,"9":2,"10":2,"11":2,"12":2,"13":2,"14":2,"15":2,"16":2,"17":2,"18":2,"19":2,"20":2,"21":2,"22":2,"23":2,"24":2,"25":0,"26":2,"27":0,"28":2,"29":2,"30":2,"31":2,"32":2,"33":2,"34":2},"f":{"0":2,"1":2},"b":{"0":[0,2],"1":[0,2],"2":[0,2],"3":[2,0]},"_coverageSchema":"43e27e138ebf9cfc5966b082cf9a028302ed4184","hash":"c52335a0146dffd4ea8e354f08bc67a5cd9cd210"}
,"C:\\Users\\Dachely\\Desktop\\Escuela\\Proyecto\\do-your-list\\middleware\\auth.js": {"path":"C:\\Users\\Dachely\\Desktop\\Escuela\\Proyecto\\do-your-list\\middleware\\auth.js","statementMap":{"0":{"start":{"line":2,"column":4},"end":{"line":2,"column":43}},"1":{"start":{"line":2,"column":30},"end":{"line":2,"column":43}},"2":{"start":{"line":3,"column":4},"end":{"line":3,"column":34}},"3":{"start":{"line":5,"column":0},"end":{"line":5,"column":22}}},"fnMap":{"0":{"name":"auth","decl":{"start":{"line":1,"column":9},"end":{"line":1,"column":13}},"loc":{"start":{"line":1,"column":29},"end":{"line":4,"column":1}},"line":1}},"branchMap":{"0":{"loc":{"start":{"line":2,"column":4},"end":{"line":2,"column":43}},"type":"if","locations":[{"start":{"line":2,"column":4},"end":{"line":2,"column":43}},{"start":{"line":2,"column":4},"end":{"line":2,"column":43}}],"line":2}},"s":{"0":0,"1":0,"2":0,"3":2},"f":{"0":0},"b":{"0":[0,0]},"_coverageSchema":"43e27e138ebf9cfc5966b082cf9a028302ed4184","hash":"dd1b50731b3b2c700e3067621c45fdb01230cce9"}
,"C:\\Users\\Dachely\\Desktop\\Escuela\\Proyecto\\do-your-list\\middleware\\error.js": {"path":"C:\\Users\\Dachely\\Desktop\\Escuela\\Proyecto\\do-your-list\\middleware\\error.js","statementMap":{"0":{"start":{"line":1,"column":16},"end":{"line":1,"column":34}},"1":{"start":{"line":3,"column":0},"end":{"line":6,"column":1}},"2":{"start":{"line":4,"column":4},"end":{"line":4,"column":36}},"3":{"start":{"line":5,"column":4},"end":{"line":5,"column":46}}},"fnMap":{"0":{"name":"(anonymous_0)","decl":{"start":{"line":3,"column":17},"end":{"line":3,"column":18}},"loc":{"start":{"line":3,"column":46},"end":{"line":6,"column":1}},"line":3}},"branchMap":{},"s":{"0":2,"1":2,"2":0,"3":0},"f":{"0":0},"b":{},"_coverageSchema":"43e27e138ebf9cfc5966b082cf9a028302ed4184","hash":"2e49a96c465e09e787b7074c608de06d1bba842a"}
,"C:\\Users\\Dachely\\Desktop\\Escuela\\Proyecto\\do-your-list\\models\\producto.js": {"path":"C:\\Users\\Dachely\\Desktop\\Escuela\\Proyecto\\do-your-list\\models\\producto.js","statementMap":{"0":{"start":{"line":2,"column":17},"end":{"line":2,"column":36}},"1":{"start":{"line":3,"column":12},"end":{"line":3,"column":26}},"2":{"start":{"line":6,"column":23},"end":{"line":36,"column":32}},"3":{"start":{"line":38,"column":17},"end":{"line":38,"column":59}},"4":{"start":{"line":41,"column":19},"end":{"line":47,"column":5}},"5":{"start":{"line":48,"column":4},"end":{"line":48,"column":42}},"6":{"start":{"line":51,"column":19},"end":{"line":58,"column":5}},"7":{"start":{"line":59,"column":4},"end":{"line":59,"column":42}},"8":{"start":{"line":62,"column":0},"end":{"line":62,"column":28}},"9":{"start":{"line":63,"column":0},"end":{"line":63,"column":36}},"10":{"start":{"line":64,"column":0},"end":{"line":64,"column":42}}},"fnMap":{"0":{"name":"validateProd","decl":{"start":{"line":40,"column":9},"end":{"line":40,"column":21}},"loc":{"start":{"line":40,"column":31},"end":{"line":48,"column":43}},"line":40},"1":{"name":"validateProdApi","decl":{"start":{"line":50,"column":9},"end":{"line":50,"column":24}},"loc":{"start":{"line":50,"column":34},"end":{"line":60,"column":1}},"line":50}},"branchMap":{},"s":{"0":2,"1":2,"2":2,"3":2,"4":0,"5":0,"6":0,"7":0,"8":2,"9":2,"10":2},"f":{"0":0,"1":0},"b":{},"_coverageSchema":"43e27e138ebf9cfc5966b082cf9a028302ed4184","hash":"b15124a45bbd474085533a8a8eefc4732b51d0f7"}
,"C:\\Users\\Dachely\\Desktop\\Escuela\\Proyecto\\do-your-list\\models\\usuario.js": {"path":"C:\\Users\\Dachely\\Desktop\\Escuela\\Proyecto\\do-your-list\\models\\usuario.js","statementMap":{"0":{"start":{"line":1,"column":17},"end":{"line":1,"column":36}},"1":{"start":{"line":2,"column":12},"end":{"line":2,"column":26}},"2":{"start":{"line":4,"column":23},"end":{"line":25,"column":32}},"3":{"start":{"line":28,"column":22},"end":{"line":53,"column":32}},"4":{"start":{"line":57,"column":16},"end":{"line":57,"column":56}},"5":{"start":{"line":60,"column":19},"end":{"line":74,"column":5}},"6":{"start":{"line":75,"column":4},"end":{"line":75,"column":41}},"7":{"start":{"line":80,"column":19},"end":{"line":84,"column":5}},"8":{"start":{"line":85,"column":4},"end":{"line":85,"column":41}},"9":{"start":{"line":88,"column":0},"end":{"line":88,"column":26}},"10":{"start":{"line":89,"column":0},"end":{"line":89,"column":28}},"11":{"start":{"line":90,"column":0},"end":{"line":90,"column":38}}},"fnMap":{"0":{"name":"validate","decl":{"start":{"line":59,"column":9},"end":{"line":59,"column":17}},"loc":{"start":{"line":59,"column":26},"end":{"line":76,"column":1}},"line":59},"1":{"name":"validateLogin","decl":{"start":{"line":79,"column":9},"end":{"line":79,"column":22}},"loc":{"start":{"line":79,"column":31},"end":{"line":86,"column":1}},"line":79}},"branchMap":{},"s":{"0":2,"1":2,"2":2,"3":2,"4":2,"5":1,"6":1,"7":0,"8":0,"9":2,"10":2,"11":2},"f":{"0":1,"1":0},"b":{},"_coverageSchema":"43e27e138ebf9cfc5966b082cf9a028302ed4184","hash":"1734f1166f3e547fafe12174712da68294ad9c27"}
,"C:\\Users\\Dachely\\Desktop\\Escuela\\Proyecto\\do-your-list\\passport\\local.js": {"path":"C:\\Users\\Dachely\\Desktop\\Escuela\\Proyecto\\do-your-list\\passport\\local.js","statementMap":{"0":{"start":{"line":1,"column":17},"end":{"line":1,"column":36}},"1":{"start":{"line":2,"column":22},"end":{"line":2,"column":56}},"2":{"start":{"line":3,"column":15},"end":{"line":3,"column":32}},"3":{"start":{"line":4,"column":45},"end":{"line":4,"column":73}},"4":{"start":{"line":6,"column":0},"end":{"line":8,"column":3}},"5":{"start":{"line":7,"column":4},"end":{"line":7,"column":24}},"6":{"start":{"line":10,"column":0},"end":{"line":13,"column":3}},"7":{"start":{"line":11,"column":20},"end":{"line":11,"column":46}},"8":{"start":{"line":12,"column":4},"end":{"line":12,"column":24}},"9":{"start":{"line":14,"column":0},"end":{"line":44,"column":8}},"10":{"start":{"line":20,"column":8},"end":{"line":20,"column":30}},"11":{"start":{"line":22,"column":26},"end":{"line":22,"column":44}},"12":{"start":{"line":23,"column":8},"end":{"line":23,"column":38}},"13":{"start":{"line":23,"column":19},"end":{"line":23,"column":38}},"14":{"start":{"line":24,"column":22},"end":{"line":24,"column":64}},"15":{"start":{"line":25,"column":8},"end":{"line":25,"column":92}},"16":{"start":{"line":25,"column":21},"end":{"line":25,"column":92}},"17":{"start":{"line":27,"column":8},"end":{"line":33,"column":11}},"18":{"start":{"line":36,"column":21},"end":{"line":36,"column":45}},"19":{"start":{"line":37,"column":8},"end":{"line":37,"column":69}},"20":{"start":{"line":40,"column":8},"end":{"line":40,"column":29}},"21":{"start":{"line":42,"column":8},"end":{"line":42,"column":35}},"22":{"start":{"line":46,"column":0},"end":{"line":62,"column":8}},"23":{"start":{"line":52,"column":26},"end":{"line":52,"column":49}},"24":{"start":{"line":53,"column":8},"end":{"line":53,"column":38}},"25":{"start":{"line":53,"column":19},"end":{"line":53,"column":38}},"26":{"start":{"line":55,"column":22},"end":{"line":55,"column":64}},"27":{"start":{"line":56,"column":8},"end":{"line":56,"column":104}},"28":{"start":{"line":56,"column":22},"end":{"line":56,"column":104}},"29":{"start":{"line":57,"column":30},"end":{"line":57,"column":78}},"30":{"start":{"line":58,"column":8},"end":{"line":58,"column":92}},"31":{"start":{"line":58,"column":28},"end":{"line":58,"column":92}},"32":{"start":{"line":60,"column":8},"end":{"line":60,"column":35}}},"fnMap":{"0":{"name":"(anonymous_0)","decl":{"start":{"line":6,"column":23},"end":{"line":6,"column":24}},"loc":{"start":{"line":6,"column":39},"end":{"line":8,"column":1}},"line":6},"1":{"name":"(anonymous_1)","decl":{"start":{"line":10,"column":25},"end":{"line":10,"column":26}},"loc":{"start":{"line":10,"column":45},"end":{"line":13,"column":1}},"line":10},"2":{"name":"(anonymous_2)","decl":{"start":{"line":18,"column":4},"end":{"line":18,"column":5}},"loc":{"start":{"line":18,"column":45},"end":{"line":44,"column":5}},"line":18},"3":{"name":"(anonymous_3)","decl":{"start":{"line":50,"column":4},"end":{"line":50,"column":5}},"loc":{"start":{"line":50,"column":45},"end":{"line":62,"column":5}},"line":50}},"branchMap":{"0":{"loc":{"start":{"line":23,"column":8},"end":{"line":23,"column":38}},"type":"if","locations":[{"start":{"line":23,"column":8},"end":{"line":23,"column":38}},{"start":{"line":23,"column":8},"end":{"line":23,"column":38}}],"line":23},"1":{"loc":{"start":{"line":25,"column":8},"end":{"line":25,"column":92}},"type":"if","locations":[{"start":{"line":25,"column":8},"end":{"line":25,"column":92}},{"start":{"line":25,"column":8},"end":{"line":25,"column":92}}],"line":25},"2":{"loc":{"start":{"line":53,"column":8},"end":{"line":53,"column":38}},"type":"if","locations":[{"start":{"line":53,"column":8},"end":{"line":53,"column":38}},{"start":{"line":53,"column":8},"end":{"line":53,"column":38}}],"line":53},"3":{"loc":{"start":{"line":56,"column":8},"end":{"line":56,"column":104}},"type":"if","locations":[{"start":{"line":56,"column":8},"end":{"line":56,"column":104}},{"start":{"line":56,"column":8},"end":{"line":56,"column":104}}],"line":56},"4":{"loc":{"start":{"line":58,"column":8},"end":{"line":58,"column":92}},"type":"if","locations":[{"start":{"line":58,"column":8},"end":{"line":58,"column":92}},{"start":{"line":58,"column":8},"end":{"line":58,"column":92}}],"line":58}},"s":{"0":2,"1":2,"2":2,"3":2,"4":2,"5":0,"6":2,"7":0,"8":0,"9":2,"10":0,"11":0,"12":0,"13":0,"14":0,"15":0,"16":0,"17":0,"18":0,"19":0,"20":0,"21":0,"22":2,"23":0,"24":0,"25":0,"26":0,"27":0,"28":0,"29":0,"30":0,"31":0,"32":0},"f":{"0":0,"1":0,"2":0,"3":0},"b":{"0":[0,0],"1":[0,0],"2":[0,0],"3":[0,0],"4":[0,0]},"_coverageSchema":"43e27e138ebf9cfc5966b082cf9a028302ed4184","hash":"d4564b07a7cc8fbb33ed36328317d1c7d982e35f"}
,"C:\\Users\\Dachely\\Desktop\\Escuela\\Proyecto\\do-your-list\\routes\\apiAgregar.js": {"path":"C:\\Users\\Dachely\\Desktop\\Escuela\\Proyecto\\do-your-list\\routes\\apiAgregar.js","statementMap":{"0":{"start":{"line":1,"column":16},"end":{"line":1,"column":34}},"1":{"start":{"line":2,"column":15},"end":{"line":2,"column":31}},"2":{"start":{"line":3,"column":52},"end":{"line":3,"column":81}},"3":{"start":{"line":4,"column":17},"end":{"line":4,"column":36}},"4":{"start":{"line":5,"column":13},"end":{"line":5,"column":42}},"5":{"start":{"line":6,"column":15},"end":{"line":6,"column":32}},"6":{"start":{"line":7,"column":12},"end":{"line":7,"column":35}},"7":{"start":{"line":8,"column":45},"end":{"line":8,"column":73}},"8":{"start":{"line":10,"column":0},"end":{"line":19,"column":3}},"9":{"start":{"line":11,"column":4},"end":{"line":11,"column":47}},"10":{"start":{"line":12,"column":21},"end":{"line":12,"column":55}},"11":{"start":{"line":13,"column":23},"end":{"line":13,"column":58}},"12":{"start":{"line":14,"column":20},"end":{"line":17,"column":38}},"13":{"start":{"line":18,"column":4},"end":{"line":18,"column":22}},"14":{"start":{"line":21,"column":0},"end":{"line":52,"column":3}},"15":{"start":{"line":22,"column":4},"end":{"line":22,"column":35}},"16":{"start":{"line":23,"column":22},"end":{"line":23,"column":40}},"17":{"start":{"line":24,"column":4},"end":{"line":24,"column":26}},"18":{"start":{"line":25,"column":4},"end":{"line":25,"column":53}},"19":{"start":{"line":25,"column":15},"end":{"line":25,"column":53}},"20":{"start":{"line":26,"column":4},"end":{"line":26,"column":69}},"21":{"start":{"line":26,"column":15},"end":{"line":26,"column":69}},"22":{"start":{"line":27,"column":4},"end":{"line":27,"column":46}},"23":{"start":{"line":29,"column":18},"end":{"line":29,"column":65}},"24":{"start":{"line":30,"column":4},"end":{"line":30,"column":45}},"25":{"start":{"line":31,"column":4},"end":{"line":31,"column":25}},"26":{"start":{"line":32,"column":4},"end":{"line":32,"column":79}},"27":{"start":{"line":32,"column":17},"end":{"line":32,"column":79}},"28":{"start":{"line":33,"column":4},"end":{"line":33,"column":57}},"29":{"start":{"line":35,"column":4},"end":{"line":40,"column":7}},"30":{"start":{"line":41,"column":4},"end":{"line":41,"column":44}},"31":{"start":{"line":43,"column":17},"end":{"line":43,"column":41}},"32":{"start":{"line":44,"column":4},"end":{"line":44,"column":65}},"33":{"start":{"line":45,"column":4},"end":{"line":45,"column":45}},"34":{"start":{"line":47,"column":4},"end":{"line":47,"column":25}},"35":{"start":{"line":48,"column":4},"end":{"line":48,"column":45}},"36":{"start":{"line":49,"column":4},"end":{"line":49,"column":39}},"37":{"start":{"line":51,"column":4},"end":{"line":51,"column":41}},"38":{"start":{"line":54,"column":0},"end":{"line":64,"column":3}},"39":{"start":{"line":55,"column":4},"end":{"line":55,"column":32}},"40":{"start":{"line":56,"column":22},"end":{"line":56,"column":45}},"41":{"start":{"line":57,"column":4},"end":{"line":57,"column":69}},"42":{"start":{"line":57,"column":15},"end":{"line":57,"column":69}},"43":{"start":{"line":59,"column":18},"end":{"line":59,"column":66}},"44":{"start":{"line":60,"column":4},"end":{"line":60,"column":80}},"45":{"start":{"line":60,"column":18},"end":{"line":60,"column":80}},"46":{"start":{"line":61,"column":26},"end":{"line":61,"column":83}},"47":{"start":{"line":67,"column":0},"end":{"line":72,"column":3}},"48":{"start":{"line":68,"column":18},"end":{"line":68,"column":34}},"49":{"start":{"line":69,"column":18},"end":{"line":69,"column":50}},"50":{"start":{"line":70,"column":4},"end":{"line":70,"column":72}},"51":{"start":{"line":70,"column":18},"end":{"line":70,"column":72}},"52":{"start":{"line":71,"column":4},"end":{"line":71,"column":29}},"53":{"start":{"line":75,"column":0},"end":{"line":90,"column":3}},"54":{"start":{"line":76,"column":22},"end":{"line":76,"column":40}},"55":{"start":{"line":77,"column":4},"end":{"line":77,"column":69}},"56":{"start":{"line":77,"column":15},"end":{"line":77,"column":69}},"57":{"start":{"line":79,"column":18},"end":{"line":79,"column":34}},"58":{"start":{"line":80,"column":20},"end":{"line":87,"column":21}},"59":{"start":{"line":88,"column":4},"end":{"line":88,"column":72}},"60":{"start":{"line":88,"column":18},"end":{"line":88,"column":72}},"61":{"start":{"line":89,"column":4},"end":{"line":89,"column":29}},"62":{"start":{"line":93,"column":0},"end":{"line":100,"column":3}},"63":{"start":{"line":95,"column":18},"end":{"line":95,"column":34}},"64":{"start":{"line":96,"column":20},"end":{"line":96,"column":59}},"65":{"start":{"line":97,"column":4},"end":{"line":97,"column":72}},"66":{"start":{"line":97,"column":18},"end":{"line":97,"column":72}},"67":{"start":{"line":98,"column":4},"end":{"line":98,"column":29}},"68":{"start":{"line":117,"column":0},"end":{"line":117,"column":24}}},"fnMap":{"0":{"name":"(anonymous_0)","decl":{"start":{"line":10,"column":16},"end":{"line":10,"column":17}},"loc":{"start":{"line":10,"column":35},"end":{"line":19,"column":1}},"line":10},"1":{"name":"(anonymous_1)","decl":{"start":{"line":21,"column":25},"end":{"line":21,"column":26}},"loc":{"start":{"line":21,"column":45},"end":{"line":52,"column":1}},"line":21},"2":{"name":"(anonymous_2)","decl":{"start":{"line":54,"column":22},"end":{"line":54,"column":23}},"loc":{"start":{"line":54,"column":42},"end":{"line":64,"column":1}},"line":54},"3":{"name":"(anonymous_3)","decl":{"start":{"line":67,"column":22},"end":{"line":67,"column":23}},"loc":{"start":{"line":67,"column":42},"end":{"line":72,"column":1}},"line":67},"4":{"name":"(anonymous_4)","decl":{"start":{"line":75,"column":22},"end":{"line":75,"column":23}},"loc":{"start":{"line":75,"column":42},"end":{"line":90,"column":1}},"line":75},"5":{"name":"(anonymous_5)","decl":{"start":{"line":93,"column":25},"end":{"line":93,"column":26}},"loc":{"start":{"line":93,"column":45},"end":{"line":100,"column":1}},"line":93}},"branchMap":{"0":{"loc":{"start":{"line":12,"column":21},"end":{"line":12,"column":55}},"type":"binary-expr","locations":[{"start":{"line":12,"column":21},"end":{"line":12,"column":49}},{"start":{"line":12,"column":53},"end":{"line":12,"column":55}}],"line":12},"1":{"loc":{"start":{"line":13,"column":23},"end":{"line":13,"column":58}},"type":"binary-expr","locations":[{"start":{"line":13,"column":23},"end":{"line":13,"column":53}},{"start":{"line":13,"column":57},"end":{"line":13,"column":58}}],"line":13},"2":{"loc":{"start":{"line":25,"column":4},"end":{"line":25,"column":53}},"type":"if","locations":[{"start":{"line":25,"column":4},"end":{"line":25,"column":53}},{"start":{"line":25,"column":4},"end":{"line":25,"column":53}}],"line":25},"3":{"loc":{"start":{"line":26,"column":4},"end":{"line":26,"column":69}},"type":"if","locations":[{"start":{"line":26,"column":4},"end":{"line":26,"column":69}},{"start":{"line":26,"column":4},"end":{"line":26,"column":69}}],"line":26},"4":{"loc":{"start":{"line":32,"column":4},"end":{"line":32,"column":79}},"type":"if","locations":[{"start":{"line":32,"column":4},"end":{"line":32,"column":79}},{"start":{"line":32,"column":4},"end":{"line":32,"column":79}}],"line":32},"5":{"loc":{"start":{"line":57,"column":4},"end":{"line":57,"column":69}},"type":"if","locations":[{"start":{"line":57,"column":4},"end":{"line":57,"column":69}},{"start":{"line":57,"column":4},"end":{"line":57,"column":69}}],"line":57},"6":{"loc":{"start":{"line":60,"column":4},"end":{"line":60,"column":80}},"type":"if","locations":[{"start":{"line":60,"column":4},"end":{"line":60,"column":80}},{"start":{"line":60,"column":4},"end":{"line":60,"column":80}}],"line":60},"7":{"loc":{"start":{"line":70,"column":4},"end":{"line":70,"column":72}},"type":"if","locations":[{"start":{"line":70,"column":4},"end":{"line":70,"column":72}},{"start":{"line":70,"column":4},"end":{"line":70,"column":72}}],"line":70},"8":{"loc":{"start":{"line":77,"column":4},"end":{"line":77,"column":69}},"type":"if","locations":[{"start":{"line":77,"column":4},"end":{"line":77,"column":69}},{"start":{"line":77,"column":4},"end":{"line":77,"column":69}}],"line":77},"9":{"loc":{"start":{"line":88,"column":4},"end":{"line":88,"column":72}},"type":"if","locations":[{"start":{"line":88,"column":4},"end":{"line":88,"column":72}},{"start":{"line":88,"column":4},"end":{"line":88,"column":72}}],"line":88},"10":{"loc":{"start":{"line":97,"column":4},"end":{"line":97,"column":72}},"type":"if","locations":[{"start":{"line":97,"column":4},"end":{"line":97,"column":72}},{"start":{"line":97,"column":4},"end":{"line":97,"column":72}}],"line":97}},"s":{"0":2,"1":2,"2":2,"3":2,"4":2,"5":2,"6":2,"7":2,"8":2,"9":0,"10":0,"11":0,"12":0,"13":0,"14":2,"15":1,"16":1,"17":1,"18":1,"19":0,"20":1,"21":0,"22":1,"23":1,"24":1,"25":1,"26":1,"27":1,"28":0,"29":0,"30":0,"31":0,"32":0,"33":0,"34":0,"35":0,"36":0,"37":0,"38":2,"39":0,"40":0,"41":0,"42":0,"43":0,"44":0,"45":0,"46":0,"47":2,"48":6,"49":6,"50":6,"51":3,"52":3,"53":2,"54":0,"55":0,"56":0,"57":0,"58":0,"59":0,"60":0,"61":0,"62":2,"63":0,"64":0,"65":0,"66":0,"67":0,"68":2},"f":{"0":0,"1":1,"2":0,"3":6,"4":0,"5":0},"b":{"0":[0,0],"1":[0,0],"2":[0,1],"3":[0,1],"4":[1,0],"5":[0,0],"6":[0,0],"7":[3,3],"8":[0,0],"9":[0,0],"10":[0,0]},"_coverageSchema":"43e27e138ebf9cfc5966b082cf9a028302ed4184","hash":"99372fc84c7979aaa3741f658cd9ab53df271df7"}
,"C:\\Users\\Dachely\\Desktop\\Escuela\\Proyecto\\do-your-list\\routes\\apiProducto.js": {"path":"C:\\Users\\Dachely\\Desktop\\Escuela\\Proyecto\\do-your-list\\routes\\apiProducto.js","statementMap":{"0":{"start":{"line":1,"column":16},"end":{"line":1,"column":34}},"1":{"start":{"line":2,"column":15},"end":{"line":2,"column":31}},"2":{"start":{"line":3,"column":52},"end":{"line":3,"column":81}},"3":{"start":{"line":4,"column":17},"end":{"line":4,"column":36}},"4":{"start":{"line":5,"column":13},"end":{"line":5,"column":42}},"5":{"start":{"line":6,"column":15},"end":{"line":6,"column":32}},"6":{"start":{"line":7,"column":12},"end":{"line":7,"column":35}},"7":{"start":{"line":10,"column":0},"end":{"line":27,"column":3}},"8":{"start":{"line":11,"column":4},"end":{"line":11,"column":47}},"9":{"start":{"line":12,"column":22},"end":{"line":12,"column":47}},"10":{"start":{"line":13,"column":4},"end":{"line":13,"column":26}},"11":{"start":{"line":14,"column":4},"end":{"line":14,"column":52}},"12":{"start":{"line":14,"column":14},"end":{"line":14,"column":52}},"13":{"start":{"line":15,"column":4},"end":{"line":15,"column":69}},"14":{"start":{"line":15,"column":15},"end":{"line":15,"column":69}},"15":{"start":{"line":16,"column":19},"end":{"line":24,"column":6}},"16":{"start":{"line":25,"column":4},"end":{"line":25,"column":26}},"17":{"start":{"line":26,"column":4},"end":{"line":26,"column":42}},"18":{"start":{"line":30,"column":0},"end":{"line":36,"column":3}},"19":{"start":{"line":31,"column":4},"end":{"line":31,"column":48}},"20":{"start":{"line":32,"column":17},"end":{"line":32,"column":32}},"21":{"start":{"line":33,"column":19},"end":{"line":33,"column":51}},"22":{"start":{"line":34,"column":4},"end":{"line":34,"column":74}},"23":{"start":{"line":34,"column":19},"end":{"line":34,"column":74}},"24":{"start":{"line":35,"column":4},"end":{"line":35,"column":30}},"25":{"start":{"line":39,"column":0},"end":{"line":55,"column":3}},"26":{"start":{"line":40,"column":4},"end":{"line":40,"column":48}},"27":{"start":{"line":41,"column":22},"end":{"line":41,"column":44}},"28":{"start":{"line":42,"column":4},"end":{"line":42,"column":69}},"29":{"start":{"line":42,"column":15},"end":{"line":42,"column":69}},"30":{"start":{"line":44,"column":17},"end":{"line":44,"column":32}},"31":{"start":{"line":45,"column":21},"end":{"line":52,"column":21}},"32":{"start":{"line":53,"column":4},"end":{"line":53,"column":74}},"33":{"start":{"line":53,"column":19},"end":{"line":53,"column":74}},"34":{"start":{"line":54,"column":4},"end":{"line":54,"column":30}},"35":{"start":{"line":58,"column":0},"end":{"line":65,"column":3}},"36":{"start":{"line":59,"column":4},"end":{"line":59,"column":49}},"37":{"start":{"line":60,"column":17},"end":{"line":60,"column":30}},"38":{"start":{"line":61,"column":21},"end":{"line":61,"column":60}},"39":{"start":{"line":62,"column":4},"end":{"line":62,"column":74}},"40":{"start":{"line":62,"column":19},"end":{"line":62,"column":74}},"41":{"start":{"line":63,"column":4},"end":{"line":63,"column":30}},"42":{"start":{"line":67,"column":0},"end":{"line":67,"column":24}}},"fnMap":{"0":{"name":"(anonymous_0)","decl":{"start":{"line":10,"column":20},"end":{"line":10,"column":21}},"loc":{"start":{"line":10,"column":40},"end":{"line":27,"column":1}},"line":10},"1":{"name":"(anonymous_1)","decl":{"start":{"line":30,"column":21},"end":{"line":30,"column":22}},"loc":{"start":{"line":30,"column":41},"end":{"line":36,"column":1}},"line":30},"2":{"name":"(anonymous_2)","decl":{"start":{"line":39,"column":21},"end":{"line":39,"column":22}},"loc":{"start":{"line":39,"column":41},"end":{"line":55,"column":1}},"line":39},"3":{"name":"(anonymous_3)","decl":{"start":{"line":58,"column":22},"end":{"line":58,"column":23}},"loc":{"start":{"line":58,"column":42},"end":{"line":65,"column":1}},"line":58}},"branchMap":{"0":{"loc":{"start":{"line":14,"column":4},"end":{"line":14,"column":52}},"type":"if","locations":[{"start":{"line":14,"column":4},"end":{"line":14,"column":52}},{"start":{"line":14,"column":4},"end":{"line":14,"column":52}}],"line":14},"1":{"loc":{"start":{"line":15,"column":4},"end":{"line":15,"column":69}},"type":"if","locations":[{"start":{"line":15,"column":4},"end":{"line":15,"column":69}},{"start":{"line":15,"column":4},"end":{"line":15,"column":69}}],"line":15},"2":{"loc":{"start":{"line":34,"column":4},"end":{"line":34,"column":74}},"type":"if","locations":[{"start":{"line":34,"column":4},"end":{"line":34,"column":74}},{"start":{"line":34,"column":4},"end":{"line":34,"column":74}}],"line":34},"3":{"loc":{"start":{"line":42,"column":4},"end":{"line":42,"column":69}},"type":"if","locations":[{"start":{"line":42,"column":4},"end":{"line":42,"column":69}},{"start":{"line":42,"column":4},"end":{"line":42,"column":69}}],"line":42},"4":{"loc":{"start":{"line":53,"column":4},"end":{"line":53,"column":74}},"type":"if","locations":[{"start":{"line":53,"column":4},"end":{"line":53,"column":74}},{"start":{"line":53,"column":4},"end":{"line":53,"column":74}}],"line":53},"5":{"loc":{"start":{"line":62,"column":4},"end":{"line":62,"column":74}},"type":"if","locations":[{"start":{"line":62,"column":4},"end":{"line":62,"column":74}},{"start":{"line":62,"column":4},"end":{"line":62,"column":74}}],"line":62}},"s":{"0":2,"1":2,"2":2,"3":2,"4":2,"5":2,"6":2,"7":2,"8":0,"9":0,"10":0,"11":0,"12":0,"13":0,"14":0,"15":0,"16":0,"17":0,"18":2,"19":5,"20":5,"21":5,"22":5,"23":3,"24":2,"25":2,"26":0,"27":0,"28":0,"29":0,"30":0,"31":0,"32":0,"33":0,"34":0,"35":2,"36":0,"37":0,"38":0,"39":0,"40":0,"41":0,"42":2},"f":{"0":0,"1":5,"2":0,"3":0},"b":{"0":[0,0],"1":[0,0],"2":[3,2],"3":[0,0],"4":[0,0],"5":[0,0]},"_coverageSchema":"43e27e138ebf9cfc5966b082cf9a028302ed4184","hash":"fe59b16066cfb997b61ec1d7914eaccb7562c083"}
,"C:\\Users\\Dachely\\Desktop\\Escuela\\Proyecto\\do-your-list\\routes\\root.js": {"path":"C:\\Users\\Dachely\\Desktop\\Escuela\\Proyecto\\do-your-list\\routes\\root.js","statementMap":{"0":{"start":{"line":1,"column":16},"end":{"line":1,"column":34}},"1":{"start":{"line":2,"column":15},"end":{"line":2,"column":31}},"2":{"start":{"line":3,"column":13},"end":{"line":3,"column":28}},"3":{"start":{"line":4,"column":16},"end":{"line":4,"column":42}},"4":{"start":{"line":5,"column":17},"end":{"line":5,"column":36}},"5":{"start":{"line":6,"column":13},"end":{"line":6,"column":42}},"6":{"start":{"line":7,"column":30},"end":{"line":7,"column":58}},"7":{"start":{"line":8,"column":35},"end":{"line":8,"column":64}},"8":{"start":{"line":10,"column":18},"end":{"line":10,"column":38}},"9":{"start":{"line":14,"column":0},"end":{"line":19,"column":3}},"10":{"start":{"line":16,"column":4},"end":{"line":16,"column":60}},"11":{"start":{"line":16,"column":27},"end":{"line":16,"column":60}},"12":{"start":{"line":18,"column":4},"end":{"line":18,"column":29}},"13":{"start":{"line":21,"column":0},"end":{"line":23,"column":3}},"14":{"start":{"line":22,"column":4},"end":{"line":22,"column":28}},"15":{"start":{"line":25,"column":0},"end":{"line":27,"column":3}},"16":{"start":{"line":26,"column":4},"end":{"line":26,"column":31}},"17":{"start":{"line":29,"column":0},"end":{"line":32,"column":3}},"18":{"start":{"line":30,"column":4},"end":{"line":30,"column":26}},"19":{"start":{"line":31,"column":4},"end":{"line":31,"column":22}},"20":{"start":{"line":46,"column":0},"end":{"line":51,"column":4}},"21":{"start":{"line":87,"column":0},"end":{"line":92,"column":4}},"22":{"start":{"line":96,"column":0},"end":{"line":131,"column":3}},"23":{"start":{"line":97,"column":18},"end":{"line":97,"column":26}},"24":{"start":{"line":130,"column":4},"end":{"line":130,"column":47}},"25":{"start":{"line":133,"column":0},"end":{"line":173,"column":3}},"26":{"start":{"line":134,"column":18},"end":{"line":134,"column":26}},"27":{"start":{"line":136,"column":15},"end":{"line":169,"column":8}},"28":{"start":{"line":137,"column":8},"end":{"line":167,"column":9}},"29":{"start":{"line":138,"column":22},"end":{"line":138,"column":101}},"30":{"start":{"line":140,"column":26},"end":{"line":140,"column":50}},"31":{"start":{"line":141,"column":23},"end":{"line":141,"column":46}},"32":{"start":{"line":143,"column":12},"end":{"line":143,"column":62}},"33":{"start":{"line":144,"column":12},"end":{"line":144,"column":64}},"34":{"start":{"line":145,"column":12},"end":{"line":145,"column":155}},"35":{"start":{"line":147,"column":24},"end":{"line":147,"column":62}},"36":{"start":{"line":149,"column":12},"end":{"line":149,"column":36}},"37":{"start":{"line":150,"column":24},"end":{"line":150,"column":26}},"38":{"start":{"line":152,"column":12},"end":{"line":159,"column":13}},"39":{"start":{"line":153,"column":26},"end":{"line":153,"column":28}},"40":{"start":{"line":154,"column":16},"end":{"line":154,"column":92}},"41":{"start":{"line":154,"column":79},"end":{"line":154,"column":90}},"42":{"start":{"line":155,"column":16},"end":{"line":155,"column":84}},"43":{"start":{"line":155,"column":71},"end":{"line":155,"column":82}},"44":{"start":{"line":158,"column":16},"end":{"line":158,"column":32}},"45":{"start":{"line":162,"column":12},"end":{"line":162,"column":34}},"46":{"start":{"line":164,"column":12},"end":{"line":164,"column":25}},"47":{"start":{"line":166,"column":12},"end":{"line":166,"column":36}},"48":{"start":{"line":171,"column":4},"end":{"line":171,"column":44}},"49":{"start":{"line":175,"column":0},"end":{"line":185,"column":3}},"50":{"start":{"line":176,"column":18},"end":{"line":176,"column":26}},"51":{"start":{"line":177,"column":21},"end":{"line":177,"column":57}},"52":{"start":{"line":178,"column":21},"end":{"line":178,"column":59}},"53":{"start":{"line":179,"column":21},"end":{"line":183,"column":92}},"54":{"start":{"line":184,"column":4},"end":{"line":184,"column":77}},"55":{"start":{"line":187,"column":0},"end":{"line":206,"column":3}},"56":{"start":{"line":189,"column":22},"end":{"line":189,"column":44}},"57":{"start":{"line":190,"column":4},"end":{"line":190,"column":69}},"58":{"start":{"line":190,"column":15},"end":{"line":190,"column":69}},"59":{"start":{"line":192,"column":19},"end":{"line":199,"column":6}},"60":{"start":{"line":201,"column":4},"end":{"line":201,"column":26}},"61":{"start":{"line":203,"column":4},"end":{"line":203,"column":37}},"62":{"start":{"line":209,"column":0},"end":{"line":212,"column":3}},"63":{"start":{"line":210,"column":18},"end":{"line":210,"column":26}},"64":{"start":{"line":211,"column":4},"end":{"line":211,"column":39}},"65":{"start":{"line":216,"column":0},"end":{"line":216,"column":24}}},"fnMap":{"0":{"name":"(anonymous_0)","decl":{"start":{"line":14,"column":16},"end":{"line":14,"column":17}},"loc":{"start":{"line":14,"column":30},"end":{"line":19,"column":1}},"line":14},"1":{"name":"(anonymous_1)","decl":{"start":{"line":21,"column":21},"end":{"line":21,"column":22}},"loc":{"start":{"line":21,"column":35},"end":{"line":23,"column":1}},"line":21},"2":{"name":"(anonymous_2)","decl":{"start":{"line":25,"column":24},"end":{"line":25,"column":25}},"loc":{"start":{"line":25,"column":38},"end":{"line":27,"column":1}},"line":25},"3":{"name":"(anonymous_3)","decl":{"start":{"line":29,"column":22},"end":{"line":29,"column":23}},"loc":{"start":{"line":29,"column":36},"end":{"line":32,"column":1}},"line":29},"4":{"name":"(anonymous_4)","decl":{"start":{"line":96,"column":30},"end":{"line":96,"column":31}},"loc":{"start":{"line":96,"column":50},"end":{"line":131,"column":1}},"line":96},"5":{"name":"(anonymous_5)","decl":{"start":{"line":133,"column":33},"end":{"line":133,"column":34}},"loc":{"start":{"line":133,"column":53},"end":{"line":173,"column":1}},"line":133},"6":{"name":"main","decl":{"start":{"line":136,"column":31},"end":{"line":136,"column":35}},"loc":{"start":{"line":136,"column":38},"end":{"line":169,"column":5}},"line":136},"7":{"name":"(anonymous_7)","decl":{"start":{"line":154,"column":74},"end":{"line":154,"column":75}},"loc":{"start":{"line":154,"column":79},"end":{"line":154,"column":90}},"line":154},"8":{"name":"(anonymous_8)","decl":{"start":{"line":155,"column":66},"end":{"line":155,"column":67}},"loc":{"start":{"line":155,"column":71},"end":{"line":155,"column":82}},"line":155},"9":{"name":"(anonymous_9)","decl":{"start":{"line":175,"column":37},"end":{"line":175,"column":38}},"loc":{"start":{"line":175,"column":57},"end":{"line":185,"column":1}},"line":175},"10":{"name":"(anonymous_10)","decl":{"start":{"line":187,"column":38},"end":{"line":187,"column":39}},"loc":{"start":{"line":187,"column":58},"end":{"line":206,"column":1}},"line":187},"11":{"name":"(anonymous_11)","decl":{"start":{"line":209,"column":29},"end":{"line":209,"column":30}},"loc":{"start":{"line":209,"column":49},"end":{"line":212,"column":1}},"line":209}},"branchMap":{"0":{"loc":{"start":{"line":16,"column":4},"end":{"line":16,"column":60}},"type":"if","locations":[{"start":{"line":16,"column":4},"end":{"line":16,"column":60}},{"start":{"line":16,"column":4},"end":{"line":16,"column":60}}],"line":16},"1":{"loc":{"start":{"line":177,"column":21},"end":{"line":177,"column":57}},"type":"binary-expr","locations":[{"start":{"line":177,"column":21},"end":{"line":177,"column":52}},{"start":{"line":177,"column":56},"end":{"line":177,"column":57}}],"line":177},"2":{"loc":{"start":{"line":178,"column":21},"end":{"line":178,"column":59}},"type":"binary-expr","locations":[{"start":{"line":178,"column":21},"end":{"line":178,"column":54}},{"start":{"line":178,"column":58},"end":{"line":178,"column":59}}],"line":178},"3":{"loc":{"start":{"line":190,"column":4},"end":{"line":190,"column":69}},"type":"if","locations":[{"start":{"line":190,"column":4},"end":{"line":190,"column":69}},{"start":{"line":190,"column":4},"end":{"line":190,"column":69}}],"line":190}},"s":{"0":2,"1":2,"2":2,"3":2,"4":2,"5":2,"6":2,"7":2,"8":2,"9":2,"10":0,"11":0,"12":0,"13":2,"14":0,"15":2,"16":0,"17":2,"18":0,"19":0,"20":2,"21":2,"22":2,"23":0,"24":0,"25":2,"26":0,"27":0,"28":0,"29":0,"30":0,"31":0,"32":0,"33":0,"34":0,"35":0,"36":0,"37":0,"38":0,"39":0,"40":0,"41":0,"42":0,"43":0,"44":0,"45":0,"46":0,"47":0,"48":0,"49":2,"50":0,"51":0,"52":0,"53":0,"54":0,"55":2,"56":0,"57":0,"58":0,"59":0,"60":0,"61":0,"62":2,"63":0,"64":0,"65":2},"f":{"0":0,"1":0,"2":0,"3":0,"4":0,"5":0,"6":0,"7":0,"8":0,"9":0,"10":0,"11":0},"b":{"0":[0,0],"1":[0,0],"2":[0,0],"3":[0,0]},"_coverageSchema":"43e27e138ebf9cfc5966b082cf9a028302ed4184","hash":"bd1bb4837c51fae912b8b5bf83f2555135f285b2"}
,"C:\\Users\\Dachely\\Desktop\\Escuela\\Proyecto\\do-your-list\\startup\\logging.js": {"path":"C:\\Users\\Dachely\\Desktop\\Escuela\\Proyecto\\do-your-list\\startup\\logging.js","statementMap":{"0":{"start":{"line":1,"column":16},"end":{"line":1,"column":34}},"1":{"start":{"line":2,"column":0},"end":{"line":2,"column":32}},"2":{"start":{"line":4,"column":0},"end":{"line":27,"column":1}},"3":{"start":{"line":6,"column":4},"end":{"line":22,"column":7}},"4":{"start":{"line":12,"column":16},"end":{"line":12,"column":74}},"5":{"start":{"line":24,"column":4},"end":{"line":26,"column":7}},"6":{"start":{"line":25,"column":8},"end":{"line":25,"column":28}}},"fnMap":{"0":{"name":"(anonymous_0)","decl":{"start":{"line":4,"column":17},"end":{"line":4,"column":18}},"loc":{"start":{"line":4,"column":28},"end":{"line":27,"column":1}},"line":4},"1":{"name":"(anonymous_1)","decl":{"start":{"line":11,"column":34},"end":{"line":11,"column":35}},"loc":{"start":{"line":11,"column":42},"end":{"line":13,"column":13}},"line":11},"2":{"name":"(anonymous_2)","decl":{"start":{"line":24,"column":37},"end":{"line":24,"column":38}},"loc":{"start":{"line":24,"column":43},"end":{"line":26,"column":5}},"line":24}},"branchMap":{},"s":{"0":2,"1":2,"2":2,"3":2,"4":0,"5":2,"6":0},"f":{"0":2,"1":0,"2":0},"b":{},"_coverageSchema":"43e27e138ebf9cfc5966b082cf9a028302ed4184","hash":"cced5bc9dc6398a30e2890f03bf88b3371f0fc2b"}
}
