TN:
SF:C:\Users\Dachely\Desktop\Escuela\Proyecto\do-your-list\index.js
FN:43,(anonymous_0)
FN:48,(anonymous_1)
FNF:2
FNH:2
FNDA:2,(anonymous_0)
FNDA:2,(anonymous_1)
DA:1,2
DA:2,2
DA:3,2
DA:4,2
DA:5,2
DA:6,2
DA:7,2
DA:8,2
DA:9,2
DA:10,2
DA:11,2
DA:12,2
DA:13,2
DA:15,2
DA:20,2
DA:21,2
DA:22,2
DA:23,2
DA:24,2
DA:26,2
DA:27,2
DA:28,2
DA:29,2
DA:30,2
DA:32,2
DA:33,0
DA:36,2
DA:37,0
DA:40,2
DA:42,2
DA:43,2
DA:47,2
DA:48,2
DA:50,2
LF:34
LH:32
BRDA:32,0,0,0
BRDA:32,0,1,2
BRDA:36,1,0,0
BRDA:36,1,1,2
BRDA:40,2,0,0
BRDA:40,2,1,2
BRDA:47,3,0,2
BRDA:47,3,1,0
BRF:8
BRH:4
end_of_record
TN:
SF:C:\Users\Dachely\Desktop\Escuela\Proyecto\do-your-list\middleware\auth.js
FN:1,auth
FNF:1
FNH:0
FNDA:0,auth
DA:2,0
DA:3,0
DA:5,2
LF:3
LH:1
BRDA:2,0,0,0
BRDA:2,0,1,0
BRF:2
BRH:0
end_of_record
TN:
SF:C:\Users\Dachely\Desktop\Escuela\Proyecto\do-your-list\middleware\error.js
FN:3,(anonymous_0)
FNF:1
FNH:0
FNDA:0,(anonymous_0)
DA:1,2
DA:3,2
DA:4,0
DA:5,0
LF:4
LH:2
BRF:0
BRH:0
end_of_record
TN:
SF:C:\Users\Dachely\Desktop\Escuela\Proyecto\do-your-list\models\producto.js
FN:40,validateProd
FN:50,validateProdApi
FNF:2
FNH:0
FNDA:0,validateProd
FNDA:0,validateProdApi
DA:2,2
DA:3,2
DA:6,2
DA:38,2
DA:41,0
DA:48,0
DA:51,0
DA:59,0
DA:62,2
DA:63,2
DA:64,2
LF:11
LH:7
BRF:0
BRH:0
end_of_record
TN:
SF:C:\Users\Dachely\Desktop\Escuela\Proyecto\do-your-list\models\usuario.js
FN:59,validate
FN:79,validateLogin
FNF:2
FNH:1
FNDA:1,validate
FNDA:0,validateLogin
DA:1,2
DA:2,2
DA:4,2
DA:28,2
DA:57,2
DA:60,1
DA:75,1
DA:80,0
DA:85,0
DA:88,2
DA:89,2
DA:90,2
LF:12
LH:10
BRF:0
BRH:0
end_of_record
TN:
SF:C:\Users\Dachely\Desktop\Escuela\Proyecto\do-your-list\passport\local.js
FN:6,(anonymous_0)
FN:10,(anonymous_1)
FN:18,(anonymous_2)
FN:50,(anonymous_3)
FNF:4
FNH:0
FNDA:0,(anonymous_0)
FNDA:0,(anonymous_1)
FNDA:0,(anonymous_2)
FNDA:0,(anonymous_3)
DA:1,2
DA:2,2
DA:3,2
DA:4,2
DA:6,2
DA:7,0
DA:10,2
DA:11,0
DA:12,0
DA:14,2
DA:20,0
DA:22,0
DA:23,0
DA:24,0
DA:25,0
DA:27,0
DA:36,0
DA:37,0
DA:40,0
DA:42,0
DA:46,2
DA:52,0
DA:53,0
DA:55,0
DA:56,0
DA:57,0
DA:58,0
DA:60,0
LF:28
LH:8
BRDA:23,0,0,0
BRDA:23,0,1,0
BRDA:25,1,0,0
BRDA:25,1,1,0
BRDA:53,2,0,0
BRDA:53,2,1,0
BRDA:56,3,0,0
BRDA:56,3,1,0
BRDA:58,4,0,0
BRDA:58,4,1,0
BRF:10
BRH:0
end_of_record
TN:
SF:C:\Users\Dachely\Desktop\Escuela\Proyecto\do-your-list\routes\apiAgregar.js
FN:10,(anonymous_0)
FN:21,(anonymous_1)
FN:54,(anonymous_2)
FN:67,(anonymous_3)
FN:75,(anonymous_4)
FN:93,(anonymous_5)
FNF:6
FNH:2
FNDA:0,(anonymous_0)
FNDA:1,(anonymous_1)
FNDA:0,(anonymous_2)
FNDA:6,(anonymous_3)
FNDA:0,(anonymous_4)
FNDA:0,(anonymous_5)
DA:1,2
DA:2,2
DA:3,2
DA:4,2
DA:5,2
DA:6,2
DA:7,2
DA:8,2
DA:10,2
DA:11,0
DA:12,0
DA:13,0
DA:14,0
DA:18,0
DA:21,2
DA:22,1
DA:23,1
DA:24,1
DA:25,1
DA:26,1
DA:27,1
DA:29,1
DA:30,1
DA:31,1
DA:32,1
DA:33,0
DA:35,0
DA:41,0
DA:43,0
DA:44,0
DA:45,0
DA:47,0
DA:48,0
DA:49,0
DA:51,0
DA:54,2
DA:55,0
DA:56,0
DA:57,0
DA:59,0
DA:60,0
DA:61,0
DA:67,2
DA:68,6
DA:69,6
DA:70,6
DA:71,3
DA:75,2
DA:76,0
DA:77,0
DA:79,0
DA:80,0
DA:88,0
DA:89,0
DA:93,2
DA:95,0
DA:96,0
DA:97,0
DA:98,0
DA:117,2
LF:60
LH:29
BRDA:12,0,0,0
BRDA:12,0,1,0
BRDA:13,1,0,0
BRDA:13,1,1,0
BRDA:25,2,0,0
BRDA:25,2,1,1
BRDA:26,3,0,0
BRDA:26,3,1,1
BRDA:32,4,0,1
BRDA:32,4,1,0
BRDA:57,5,0,0
BRDA:57,5,1,0
BRDA:60,6,0,0
BRDA:60,6,1,0
BRDA:70,7,0,3
BRDA:70,7,1,3
BRDA:77,8,0,0
BRDA:77,8,1,0
BRDA:88,9,0,0
BRDA:88,9,1,0
BRDA:97,10,0,0
BRDA:97,10,1,0
BRF:22
BRH:5
end_of_record
TN:
SF:C:\Users\Dachely\Desktop\Escuela\Proyecto\do-your-list\routes\apiProducto.js
FN:10,(anonymous_0)
FN:30,(anonymous_1)
FN:39,(anonymous_2)
FN:58,(anonymous_3)
FNF:4
FNH:1
FNDA:0,(anonymous_0)
FNDA:5,(anonymous_1)
FNDA:0,(anonymous_2)
FNDA:0,(anonymous_3)
DA:1,2
DA:2,2
DA:3,2
DA:4,2
DA:5,2
DA:6,2
DA:7,2
DA:10,2
DA:11,0
DA:12,0
DA:13,0
DA:14,0
DA:15,0
DA:16,0
DA:25,0
DA:26,0
DA:30,2
DA:31,5
DA:32,5
DA:33,5
DA:34,5
DA:35,2
DA:39,2
DA:40,0
DA:41,0
DA:42,0
DA:44,0
DA:45,0
DA:53,0
DA:54,0
DA:58,2
DA:59,0
DA:60,0
DA:61,0
DA:62,0
DA:63,0
DA:67,2
LF:37
LH:17
BRDA:14,0,0,0
BRDA:14,0,1,0
BRDA:15,1,0,0
BRDA:15,1,1,0
BRDA:34,2,0,3
BRDA:34,2,1,2
BRDA:42,3,0,0
BRDA:42,3,1,0
BRDA:53,4,0,0
BRDA:53,4,1,0
BRDA:62,5,0,0
BRDA:62,5,1,0
BRF:12
BRH:2
end_of_record
TN:
SF:C:\Users\Dachely\Desktop\Escuela\Proyecto\do-your-list\routes\root.js
FN:14,(anonymous_0)
FN:21,(anonymous_1)
FN:25,(anonymous_2)
FN:29,(anonymous_3)
FN:96,(anonymous_4)
FN:133,(anonymous_5)
FN:136,main
FN:154,(anonymous_7)
FN:155,(anonymous_8)
FN:175,(anonymous_9)
FN:187,(anonymous_10)
FN:209,(anonymous_11)
FNF:12
FNH:0
FNDA:0,(anonymous_0)
FNDA:0,(anonymous_1)
FNDA:0,(anonymous_2)
FNDA:0,(anonymous_3)
FNDA:0,(anonymous_4)
FNDA:0,(anonymous_5)
FNDA:0,main
FNDA:0,(anonymous_7)
FNDA:0,(anonymous_8)
FNDA:0,(anonymous_9)
FNDA:0,(anonymous_10)
FNDA:0,(anonymous_11)
DA:1,2
DA:2,2
DA:3,2
DA:4,2
DA:5,2
DA:6,2
DA:7,2
DA:8,2
DA:10,2
DA:14,2
DA:16,0
DA:18,0
DA:21,2
DA:22,0
DA:25,2
DA:26,0
DA:29,2
DA:30,0
DA:31,0
DA:46,2
DA:87,2
DA:96,2
DA:97,0
DA:130,0
DA:133,2
DA:134,0
DA:136,0
DA:137,0
DA:138,0
DA:140,0
DA:141,0
DA:143,0
DA:144,0
DA:145,0
DA:147,0
DA:149,0
DA:150,0
DA:152,0
DA:153,0
DA:154,0
DA:155,0
DA:158,0
DA:162,0
DA:164,0
DA:166,0
DA:171,0
DA:175,2
DA:176,0
DA:177,0
DA:178,0
DA:179,0
DA:184,0
DA:187,2
DA:189,0
DA:190,0
DA:192,0
DA:201,0
DA:203,0
DA:209,2
DA:210,0
DA:211,0
DA:216,2
LF:62
LH:21
BRDA:16,0,0,0
BRDA:16,0,1,0
BRDA:177,1,0,0
BRDA:177,1,1,0
BRDA:178,2,0,0
BRDA:178,2,1,0
BRDA:190,3,0,0
BRDA:190,3,1,0
BRF:8
BRH:0
end_of_record
TN:
SF:C:\Users\Dachely\Desktop\Escuela\Proyecto\do-your-list\startup\logging.js
FN:4,(anonymous_0)
FN:11,(anonymous_1)
FN:24,(anonymous_2)
FNF:3
FNH:1
FNDA:2,(anonymous_0)
FNDA:0,(anonymous_1)
FNDA:0,(anonymous_2)
DA:1,2
DA:2,2
DA:4,2
DA:6,2
DA:12,0
DA:24,2
DA:25,0
LF:7
LH:5
BRF:0
BRH:0
end_of_record
