TN:
SF:C:\Users\Dachely\Desktop\Escuela\Proyecto\do-your-list\index.js
FN:43,(anonymous_0)
FN:48,(anonymous_1)
FNF:2
FNH:2
FNDA:2,(anonymous_0)
FNDA:2,(anonymous_1)
DA:1,2
DA:2,2
DA:3,2
DA:4,2
DA:5,2
DA:6,2
DA:7,2
DA:8,2
DA:9,2
DA:10,2
DA:11,2
DA:12,2
DA:13,2
DA:15,2
DA:20,2
DA:21,2
DA:22,2
DA:23,2
DA:24,2
DA:26,2
DA:27,2
DA:28,2
DA:29,2
DA:30,2
DA:32,2
DA:33,0
DA:36,2
DA:37,0
DA:40,2
DA:42,2
DA:43,2
DA:47,2
DA:48,2
DA:50,2
LF:34
LH:32
BRDA:32,0,0,0
BRDA:32,0,1,2
BRDA:36,1,0,0
BRDA:36,1,1,2
BRDA:40,2,0,0
BRDA:40,2,1,2
BRDA:47,3,0,2
BRDA:47,3,1,0
BRF:8
BRH:4
end_of_record
TN:
SF:C:\Users\Dachely\Desktop\Escuela\Proyecto\do-your-list\middleware\auth.js
FN:1,auth
FNF:1
FNH:0
FNDA:0,auth
DA:2,0
DA:3,0
DA:5,2
LF:3
LH:1
BRDA:2,0,0,0
BRDA:2,0,1,0
BRF:2
BRH:0
end_of_record
TN:
SF:C:\Users\Dachely\Desktop\Escuela\Proyecto\do-your-list\middleware\authApi.js
FN:3,(anonymous_0)
FNF:1
FNH:1
FNDA:8,(anonymous_0)
DA:1,2
DA:3,2
DA:4,8
DA:5,8
DA:7,8
DA:8,8
DA:9,8
DA:10,8
DA:13,0
LF:9
LH:8
BRDA:5,0,0,0
BRDA:5,0,1,8
BRF:2
BRH:1
end_of_record
TN:
SF:C:\Users\Dachely\Desktop\Escuela\Proyecto\do-your-list\middleware\error.js
FN:3,(anonymous_0)
FNF:1
FNH:0
FNDA:0,(anonymous_0)
DA:1,2
DA:3,2
DA:4,0
DA:5,0
LF:4
LH:2
BRF:0
BRH:0
end_of_record
TN:
SF:C:\Users\Dachely\Desktop\Escuela\Proyecto\do-your-list\models\producto.js
FN:40,validateProd
FN:50,validateProdApi
FNF:2
FNH:1
FNDA:0,validateProd
FNDA:3,validateProdApi
DA:2,2
DA:3,2
DA:6,2
DA:38,2
DA:41,0
DA:48,0
DA:51,3
DA:59,3
DA:62,2
DA:63,2
DA:64,2
LF:11
LH:9
BRF:0
BRH:0
end_of_record
TN:
SF:C:\Users\Dachely\Desktop\Escuela\Proyecto\do-your-list\models\usuario.js
FN:32,(anonymous_0)
FN:39,validate
FN:50,validateLogin
FNF:3
FNH:2
FNDA:9,(anonymous_0)
FNDA:4,validate
FNDA:0,validateLogin
DA:1,2
DA:2,2
DA:3,2
DA:6,2
DA:32,2
DA:33,9
DA:34,9
DA:37,2
DA:40,4
DA:46,4
DA:51,0
DA:56,0
DA:59,2
DA:60,2
DA:61,2
LF:15
LH:13
BRF:0
BRH:0
end_of_record
TN:
SF:C:\Users\Dachely\Desktop\Escuela\Proyecto\do-your-list\passport\local.js
FN:6,(anonymous_0)
FN:10,(anonymous_1)
FN:18,(anonymous_2)
FN:50,(anonymous_3)
FNF:4
FNH:0
FNDA:0,(anonymous_0)
FNDA:0,(anonymous_1)
FNDA:0,(anonymous_2)
FNDA:0,(anonymous_3)
DA:1,2
DA:2,2
DA:3,2
DA:4,2
DA:6,2
DA:7,0
DA:10,2
DA:11,0
DA:12,0
DA:14,2
DA:20,0
DA:22,0
DA:23,0
DA:24,0
DA:25,0
DA:27,0
DA:36,0
DA:37,0
DA:40,0
DA:42,0
DA:46,2
DA:52,0
DA:53,0
DA:55,0
DA:56,0
DA:57,0
DA:58,0
DA:60,0
LF:28
LH:8
BRDA:23,0,0,0
BRDA:23,0,1,0
BRDA:25,1,0,0
BRDA:25,1,1,0
BRDA:53,2,0,0
BRDA:53,2,1,0
BRDA:56,3,0,0
BRDA:56,3,1,0
BRDA:58,4,0,0
BRDA:58,4,1,0
BRF:10
BRH:0
end_of_record
TN:
SF:C:\Users\Dachely\Desktop\Escuela\Proyecto\do-your-list\routes\apiAgregar.js
FN:7,(anonymous_0)
FN:13,(anonymous_1)
FN:59,(anonymous_2)
FN:67,(anonymous_3)
FN:85,(anonymous_4)
FNF:5
FNH:5
FNDA:1,(anonymous_0)
FNDA:3,(anonymous_1)
FNDA:3,(anonymous_2)
FNDA:1,(anonymous_3)
FNDA:2,(anonymous_4)
DA:1,2
DA:2,2
DA:3,2
DA:4,2
DA:5,2
DA:7,2
DA:8,1
DA:9,1
DA:13,2
DA:14,3
DA:15,3
DA:16,3
DA:17,3
DA:18,3
DA:19,3
DA:21,3
DA:22,3
DA:23,3
DA:24,3
DA:25,2
DA:27,2
DA:33,2
DA:35,2
DA:36,2
DA:37,2
DA:39,2
DA:40,2
DA:41,2
DA:43,2
DA:59,2
DA:60,3
DA:61,3
DA:62,3
DA:63,1
DA:67,2
DA:68,1
DA:69,1
DA:71,1
DA:72,1
DA:80,1
DA:81,1
DA:85,2
DA:87,2
DA:88,2
DA:89,2
DA:90,1
DA:109,2
LF:47
LH:47
BRDA:17,0,0,0
BRDA:17,0,1,3
BRDA:18,1,0,0
BRDA:18,1,1,3
BRDA:24,2,0,1
BRDA:24,2,1,2
BRDA:62,3,0,2
BRDA:62,3,1,1
BRDA:69,4,0,0
BRDA:69,4,1,1
BRDA:80,5,0,0
BRDA:80,5,1,1
BRDA:89,6,0,1
BRDA:89,6,1,1
BRF:14
BRH:10
end_of_record
TN:
SF:C:\Users\Dachely\Desktop\Escuela\Proyecto\do-your-list\routes\apiProducto.js
FN:7,(anonymous_0)
FN:13,(anonymous_1)
FN:30,(anonymous_2)
FN:38,(anonymous_3)
FN:58,(anonymous_4)
FNF:5
FNH:5
FNDA:1,(anonymous_0)
FNDA:2,(anonymous_1)
FNDA:4,(anonymous_2)
FNDA:1,(anonymous_3)
FNDA:1,(anonymous_4)
DA:1,2
DA:2,2
DA:3,2
DA:4,2
DA:7,2
DA:8,1
DA:9,1
DA:13,2
DA:14,2
DA:15,2
DA:16,2
DA:25,2
DA:26,2
DA:30,2
DA:31,4
DA:32,4
DA:33,4
DA:34,1
DA:38,2
DA:40,1
DA:41,1
DA:42,1
DA:44,1
DA:45,1
DA:53,1
DA:54,1
DA:58,2
DA:59,1
DA:60,1
DA:61,1
DA:62,1
DA:65,2
LF:32
LH:32
BRDA:15,0,0,0
BRDA:15,0,1,2
BRDA:33,1,0,3
BRDA:33,1,1,1
BRDA:41,2,0,0
BRDA:41,2,1,1
BRDA:42,3,0,0
BRDA:42,3,1,1
BRDA:53,4,0,0
BRDA:53,4,1,1
BRDA:61,5,0,0
BRDA:61,5,1,1
BRF:12
BRH:7
end_of_record
TN:
SF:C:\Users\Dachely\Desktop\Escuela\Proyecto\do-your-list\routes\root.js
FN:20,(anonymous_0)
FN:27,(anonymous_1)
FN:31,(anonymous_2)
FN:35,(anonymous_3)
FN:102,(anonymous_4)
FN:139,(anonymous_5)
FN:148,(anonymous_6)
FN:170,(anonymous_7)
FN:181,(anonymous_8)
FN:188,(anonymous_9)
FN:196,(anonymous_10)
FN:212,getOffers
FN:228,(anonymous_12)
FN:229,(anonymous_13)
FN:244,(anonymous_14)
FN:245,(anonymous_15)
FN:264,(anonymous_16)
FN:265,(anonymous_17)
FN:285,(anonymous_18)
FN:286,(anonymous_19)
FNF:20
FNH:1
FNDA:0,(anonymous_0)
FNDA:0,(anonymous_1)
FNDA:0,(anonymous_2)
FNDA:0,(anonymous_3)
FNDA:0,(anonymous_4)
FNDA:0,(anonymous_5)
FNDA:0,(anonymous_6)
FNDA:0,(anonymous_7)
FNDA:0,(anonymous_8)
FNDA:0,(anonymous_9)
FNDA:0,(anonymous_10)
FNDA:2,getOffers
FNDA:0,(anonymous_12)
FNDA:0,(anonymous_13)
FNDA:0,(anonymous_14)
FNDA:0,(anonymous_15)
FNDA:0,(anonymous_16)
FNDA:0,(anonymous_17)
FNDA:0,(anonymous_18)
FNDA:0,(anonymous_19)
DA:1,2
DA:2,2
DA:3,2
DA:4,2
DA:5,2
DA:6,2
DA:7,2
DA:8,2
DA:10,2
DA:12,2
DA:14,2
DA:15,2
DA:16,2
DA:20,2
DA:22,0
DA:24,0
DA:27,2
DA:28,0
DA:31,2
DA:32,0
DA:35,2
DA:36,0
DA:37,0
DA:52,2
DA:93,2
DA:102,2
DA:103,0
DA:136,0
DA:139,2
DA:140,0
DA:143,0
DA:148,2
DA:150,0
DA:151,0
DA:153,0
DA:162,0
DA:164,0
DA:170,2
DA:171,0
DA:172,0
DA:178,0
DA:181,2
DA:182,0
DA:183,0
DA:184,0
DA:185,0
DA:188,2
DA:189,0
DA:190,0
DA:191,0
DA:192,0
DA:193,0
DA:196,2
DA:197,0
DA:198,0
DA:206,0
DA:207,0
DA:212,2
DA:213,2
DA:214,2
DA:216,2
DA:217,2
DA:219,2
DA:220,0
DA:221,0
DA:223,0
DA:226,0
DA:227,0
DA:228,0
DA:229,0
DA:230,0
DA:233,0
DA:235,0
DA:236,0
DA:238,0
DA:242,0
DA:243,0
DA:244,0
DA:245,0
DA:248,0
DA:252,0
DA:254,0
DA:255,0
DA:257,0
DA:262,0
DA:263,0
DA:264,0
DA:265,0
DA:268,0
DA:273,0
DA:275,0
DA:276,0
DA:278,0
DA:283,0
DA:284,0
DA:285,0
DA:286,0
DA:289,0
DA:295,0
DA:298,0
DA:305,2
LF:101
LH:33
BRDA:22,0,0,0
BRDA:22,0,1,0
BRDA:151,1,0,0
BRDA:151,1,1,0
BRDA:184,2,0,0
BRDA:184,2,1,0
BRDA:192,3,0,0
BRDA:192,3,1,0
BRDA:206,4,0,0
BRDA:206,4,1,0
BRF:10
BRH:0
end_of_record
TN:
SF:C:\Users\Dachely\Desktop\Escuela\Proyecto\do-your-list\startup\logging.js
FN:4,(anonymous_0)
FN:11,(anonymous_1)
FN:24,(anonymous_2)
FNF:3
FNH:1
FNDA:2,(anonymous_0)
FNDA:0,(anonymous_1)
FNDA:0,(anonymous_2)
DA:1,2
DA:2,2
DA:4,2
DA:6,2
DA:12,0
DA:24,2
DA:25,0
LF:7
LH:5
BRF:0
BRH:0
end_of_record
